{"/Users/aashishkumar/Downloads/flight-booking-system (1)/backend/airports.js": {"path":"/Users/aashishkumar/Downloads/flight-booking-system (1)/backend/airports.js","all":false,"statementMap":{"0":{"start":{"line":1,"column":0},"end":{"line":1,"column":30}},"1":{"start":{"line":2,"column":0},"end":{"line":2,"column":43}},"2":{"start":{"line":3,"column":0},"end":{"line":3,"column":0}},"3":{"start":{"line":4,"column":0},"end":{"line":4,"column":32}},"4":{"start":{"line":5,"column":0},"end":{"line":5,"column":0}},"5":{"start":{"line":6,"column":0},"end":{"line":6,"column":19}},"6":{"start":{"line":7,"column":0},"end":{"line":7,"column":37}},"7":{"start":{"line":8,"column":0},"end":{"line":8,"column":7}},"8":{"start":{"line":9,"column":0},"end":{"line":9,"column":42}},"9":{"start":{"line":10,"column":0},"end":{"line":10,"column":23}},"10":{"start":{"line":11,"column":0},"end":{"line":11,"column":18}},"11":{"start":{"line":12,"column":0},"end":{"line":12,"column":21}},"12":{"start":{"line":13,"column":0},"end":{"line":13,"column":27}},"13":{"start":{"line":14,"column":0},"end":{"line":14,"column":19}},"14":{"start":{"line":15,"column":0},"end":{"line":15,"column":17}},"15":{"start":{"line":16,"column":0},"end":{"line":16,"column":64}},"16":{"start":{"line":17,"column":0},"end":{"line":17,"column":3}},"17":{"start":{"line":18,"column":0},"end":{"line":18,"column":3}},"18":{"start":{"line":19,"column":0},"end":{"line":19,"column":0}},"19":{"start":{"line":20,"column":0},"end":{"line":20,"column":23}},"20":{"start":{"line":21,"column":0},"end":{"line":21,"column":44}},"21":{"start":{"line":22,"column":0},"end":{"line":22,"column":7}},"22":{"start":{"line":23,"column":0},"end":{"line":23,"column":68}},"23":{"start":{"line":24,"column":0},"end":{"line":24,"column":42}},"24":{"start":{"line":25,"column":0},"end":{"line":25,"column":23}},"25":{"start":{"line":26,"column":0},"end":{"line":26,"column":18}},"26":{"start":{"line":27,"column":0},"end":{"line":27,"column":32}},"27":{"start":{"line":28,"column":0},"end":{"line":28,"column":27}},"28":{"start":{"line":29,"column":0},"end":{"line":29,"column":19}},"29":{"start":{"line":30,"column":0},"end":{"line":30,"column":17}},"30":{"start":{"line":31,"column":0},"end":{"line":31,"column":72}},"31":{"start":{"line":32,"column":0},"end":{"line":32,"column":3}},"32":{"start":{"line":33,"column":0},"end":{"line":33,"column":3}},"33":{"start":{"line":34,"column":0},"end":{"line":34,"column":0}},"34":{"start":{"line":35,"column":0},"end":{"line":35,"column":22}}},"s":{"0":1,"1":1,"2":1,"3":1,"4":1,"5":1,"6":1,"7":2,"8":2,"9":2,"10":2,"11":2,"12":2,"13":1,"14":1,"15":1,"16":1,"17":1,"18":1,"19":1,"20":1,"21":2,"22":2,"23":2,"24":2,"25":2,"26":2,"27":2,"28":1,"29":1,"30":1,"31":1,"32":1,"33":1,"34":1},"branchMap":{"0":{"type":"branch","line":7,"loc":{"start":{"line":7,"column":16},"end":{"line":18,"column":2}},"locations":[{"start":{"line":7,"column":16},"end":{"line":18,"column":2}}]},"1":{"type":"branch","line":13,"loc":{"start":{"line":13,"column":15},"end":{"line":17,"column":3}},"locations":[{"start":{"line":13,"column":15},"end":{"line":17,"column":3}}]},"2":{"type":"branch","line":21,"loc":{"start":{"line":21,"column":23},"end":{"line":33,"column":2}},"locations":[{"start":{"line":21,"column":23},"end":{"line":33,"column":2}}]},"3":{"type":"branch","line":28,"loc":{"start":{"line":28,"column":15},"end":{"line":32,"column":3}},"locations":[{"start":{"line":28,"column":15},"end":{"line":32,"column":3}}]}},"b":{"0":[2],"1":[1],"2":[2],"3":[1]},"fnMap":{},"f":{}}
,"/Users/aashishkumar/Downloads/flight-booking-system (1)/backend/bookings.js": {"path":"/Users/aashishkumar/Downloads/flight-booking-system (1)/backend/bookings.js","all":false,"statementMap":{"0":{"start":{"line":1,"column":0},"end":{"line":1,"column":30}},"1":{"start":{"line":2,"column":0},"end":{"line":2,"column":43}},"2":{"start":{"line":3,"column":0},"end":{"line":3,"column":36}},"3":{"start":{"line":4,"column":0},"end":{"line":4,"column":28}},"4":{"start":{"line":5,"column":0},"end":{"line":5,"column":33}},"5":{"start":{"line":6,"column":0},"end":{"line":6,"column":20}},"6":{"start":{"line":7,"column":0},"end":{"line":7,"column":24}},"7":{"start":{"line":8,"column":0},"end":{"line":8,"column":33}},"8":{"start":{"line":9,"column":0},"end":{"line":9,"column":16}},"9":{"start":{"line":10,"column":0},"end":{"line":10,"column":0}},"10":{"start":{"line":11,"column":0},"end":{"line":11,"column":32}},"11":{"start":{"line":12,"column":0},"end":{"line":12,"column":0}},"12":{"start":{"line":13,"column":0},"end":{"line":13,"column":26}},"13":{"start":{"line":14,"column":0},"end":{"line":14,"column":48}},"14":{"start":{"line":15,"column":0},"end":{"line":15,"column":19}},"15":{"start":{"line":16,"column":0},"end":{"line":16,"column":9}},"16":{"start":{"line":17,"column":0},"end":{"line":17,"column":33}},"17":{"start":{"line":18,"column":0},"end":{"line":18,"column":37}},"18":{"start":{"line":19,"column":0},"end":{"line":19,"column":4}},"19":{"start":{"line":20,"column":0},"end":{"line":20,"column":3}},"20":{"start":{"line":21,"column":0},"end":{"line":21,"column":0}},"21":{"start":{"line":22,"column":0},"end":{"line":22,"column":19}},"22":{"start":{"line":23,"column":0},"end":{"line":23,"column":38}},"23":{"start":{"line":24,"column":0},"end":{"line":24,"column":61}},"24":{"start":{"line":25,"column":0},"end":{"line":25,"column":104}},"25":{"start":{"line":26,"column":0},"end":{"line":26,"column":62}},"26":{"start":{"line":27,"column":0},"end":{"line":27,"column":97}},"27":{"start":{"line":28,"column":0},"end":{"line":28,"column":70}},"28":{"start":{"line":29,"column":0},"end":{"line":29,"column":3}},"29":{"start":{"line":30,"column":0},"end":{"line":30,"column":7}},"30":{"start":{"line":31,"column":0},"end":{"line":31,"column":49}},"31":{"start":{"line":32,"column":0},"end":{"line":32,"column":39}},"32":{"start":{"line":33,"column":0},"end":{"line":33,"column":65}},"33":{"start":{"line":34,"column":0},"end":{"line":34,"column":24}},"34":{"start":{"line":35,"column":0},"end":{"line":35,"column":20}},"35":{"start":{"line":36,"column":0},"end":{"line":36,"column":27}},"36":{"start":{"line":37,"column":0},"end":{"line":37,"column":18}},"37":{"start":{"line":38,"column":0},"end":{"line":38,"column":35}},"38":{"start":{"line":39,"column":0},"end":{"line":39,"column":67}},"39":{"start":{"line":40,"column":0},"end":{"line":40,"column":7}},"40":{"start":{"line":41,"column":0},"end":{"line":41,"column":30}},"41":{"start":{"line":42,"column":0},"end":{"line":42,"column":26}},"42":{"start":{"line":43,"column":0},"end":{"line":43,"column":23}},"43":{"start":{"line":44,"column":0},"end":{"line":44,"column":47}},"44":{"start":{"line":45,"column":0},"end":{"line":45,"column":16}},"45":{"start":{"line":46,"column":0},"end":{"line":46,"column":31}},"46":{"start":{"line":47,"column":0},"end":{"line":47,"column":55}},"47":{"start":{"line":48,"column":0},"end":{"line":48,"column":16}},"48":{"start":{"line":49,"column":0},"end":{"line":49,"column":24}},"49":{"start":{"line":50,"column":0},"end":{"line":50,"column":48}},"50":{"start":{"line":51,"column":0},"end":{"line":51,"column":16}},"51":{"start":{"line":52,"column":0},"end":{"line":52,"column":27}},"52":{"start":{"line":53,"column":0},"end":{"line":53,"column":51}},"53":{"start":{"line":54,"column":0},"end":{"line":54,"column":16}},"54":{"start":{"line":55,"column":0},"end":{"line":55,"column":16}},"55":{"start":{"line":56,"column":0},"end":{"line":56,"column":47}},"56":{"start":{"line":57,"column":0},"end":{"line":57,"column":7}},"57":{"start":{"line":58,"column":0},"end":{"line":58,"column":55}},"58":{"start":{"line":59,"column":0},"end":{"line":59,"column":128}},"59":{"start":{"line":60,"column":0},"end":{"line":60,"column":7}},"60":{"start":{"line":61,"column":0},"end":{"line":61,"column":5}},"61":{"start":{"line":62,"column":0},"end":{"line":62,"column":47}},"62":{"start":{"line":63,"column":0},"end":{"line":63,"column":39}},"63":{"start":{"line":64,"column":0},"end":{"line":64,"column":45}},"64":{"start":{"line":65,"column":0},"end":{"line":65,"column":24}},"65":{"start":{"line":66,"column":0},"end":{"line":66,"column":20}},"66":{"start":{"line":67,"column":0},"end":{"line":67,"column":27}},"67":{"start":{"line":68,"column":0},"end":{"line":68,"column":18}},"68":{"start":{"line":69,"column":0},"end":{"line":69,"column":30}},"69":{"start":{"line":70,"column":0},"end":{"line":70,"column":26}},"70":{"start":{"line":71,"column":0},"end":{"line":71,"column":23}},"71":{"start":{"line":72,"column":0},"end":{"line":72,"column":47}},"72":{"start":{"line":73,"column":0},"end":{"line":73,"column":16}},"73":{"start":{"line":74,"column":0},"end":{"line":74,"column":31}},"74":{"start":{"line":75,"column":0},"end":{"line":75,"column":55}},"75":{"start":{"line":76,"column":0},"end":{"line":76,"column":16}},"76":{"start":{"line":77,"column":0},"end":{"line":77,"column":24}},"77":{"start":{"line":78,"column":0},"end":{"line":78,"column":48}},"78":{"start":{"line":79,"column":0},"end":{"line":79,"column":16}},"79":{"start":{"line":80,"column":0},"end":{"line":80,"column":27}},"80":{"start":{"line":81,"column":0},"end":{"line":81,"column":51}},"81":{"start":{"line":82,"column":0},"end":{"line":82,"column":16}},"82":{"start":{"line":83,"column":0},"end":{"line":83,"column":16}},"83":{"start":{"line":84,"column":0},"end":{"line":84,"column":47}},"84":{"start":{"line":85,"column":0},"end":{"line":85,"column":7}},"85":{"start":{"line":86,"column":0},"end":{"line":86,"column":70}},"86":{"start":{"line":87,"column":0},"end":{"line":87,"column":51}},"87":{"start":{"line":88,"column":0},"end":{"line":88,"column":24}},"88":{"start":{"line":89,"column":0},"end":{"line":89,"column":51}},"89":{"start":{"line":90,"column":0},"end":{"line":90,"column":28}},"90":{"start":{"line":91,"column":0},"end":{"line":91,"column":24}},"91":{"start":{"line":92,"column":0},"end":{"line":92,"column":85}},"92":{"start":{"line":93,"column":0},"end":{"line":93,"column":7}},"93":{"start":{"line":94,"column":0},"end":{"line":94,"column":5}},"94":{"start":{"line":95,"column":0},"end":{"line":95,"column":33}},"95":{"start":{"line":96,"column":0},"end":{"line":96,"column":86}},"96":{"start":{"line":97,"column":0},"end":{"line":97,"column":70}},"97":{"start":{"line":98,"column":0},"end":{"line":98,"column":40}},"98":{"start":{"line":99,"column":0},"end":{"line":99,"column":21}},"99":{"start":{"line":100,"column":0},"end":{"line":100,"column":65}},"100":{"start":{"line":101,"column":0},"end":{"line":101,"column":23}},"101":{"start":{"line":102,"column":0},"end":{"line":102,"column":15}},"102":{"start":{"line":103,"column":0},"end":{"line":103,"column":44}},"103":{"start":{"line":104,"column":0},"end":{"line":104,"column":24}},"104":{"start":{"line":105,"column":0},"end":{"line":105,"column":34}},"105":{"start":{"line":106,"column":0},"end":{"line":106,"column":36}},"106":{"start":{"line":107,"column":0},"end":{"line":107,"column":36}},"107":{"start":{"line":108,"column":0},"end":{"line":108,"column":28}},"108":{"start":{"line":109,"column":0},"end":{"line":109,"column":8}},"109":{"start":{"line":110,"column":0},"end":{"line":110,"column":15}},"110":{"start":{"line":111,"column":0},"end":{"line":111,"column":16}},"111":{"start":{"line":112,"column":0},"end":{"line":112,"column":23}},"112":{"start":{"line":113,"column":0},"end":{"line":113,"column":58}},"113":{"start":{"line":114,"column":0},"end":{"line":114,"column":25}},"114":{"start":{"line":115,"column":0},"end":{"line":115,"column":5}},"115":{"start":{"line":116,"column":0},"end":{"line":116,"column":46}},"116":{"start":{"line":117,"column":0},"end":{"line":117,"column":24}},"117":{"start":{"line":118,"column":0},"end":{"line":118,"column":43}},"118":{"start":{"line":119,"column":0},"end":{"line":119,"column":78}},"119":{"start":{"line":120,"column":0},"end":{"line":120,"column":25}},"120":{"start":{"line":121,"column":0},"end":{"line":121,"column":14}},"121":{"start":{"line":122,"column":0},"end":{"line":122,"column":32}},"122":{"start":{"line":123,"column":0},"end":{"line":123,"column":33}},"123":{"start":{"line":124,"column":0},"end":{"line":124,"column":35}},"124":{"start":{"line":125,"column":0},"end":{"line":125,"column":33}},"125":{"start":{"line":126,"column":0},"end":{"line":126,"column":41}},"126":{"start":{"line":127,"column":0},"end":{"line":127,"column":45}},"127":{"start":{"line":128,"column":0},"end":{"line":128,"column":37}},"128":{"start":{"line":129,"column":0},"end":{"line":129,"column":43}},"129":{"start":{"line":130,"column":0},"end":{"line":130,"column":11}},"130":{"start":{"line":131,"column":0},"end":{"line":131,"column":7}},"131":{"start":{"line":132,"column":0},"end":{"line":132,"column":16}},"132":{"start":{"line":133,"column":0},"end":{"line":133,"column":26}},"133":{"start":{"line":134,"column":0},"end":{"line":134,"column":64}},"134":{"start":{"line":135,"column":0},"end":{"line":135,"column":28}},"135":{"start":{"line":136,"column":0},"end":{"line":136,"column":5}},"136":{"start":{"line":137,"column":0},"end":{"line":137,"column":59}},"137":{"start":{"line":138,"column":0},"end":{"line":138,"column":70}},"138":{"start":{"line":139,"column":0},"end":{"line":139,"column":48}},"139":{"start":{"line":140,"column":0},"end":{"line":140,"column":30}},"140":{"start":{"line":141,"column":0},"end":{"line":141,"column":39}},"141":{"start":{"line":142,"column":0},"end":{"line":142,"column":43}},"142":{"start":{"line":143,"column":0},"end":{"line":143,"column":65}},"143":{"start":{"line":144,"column":0},"end":{"line":144,"column":24}},"144":{"start":{"line":145,"column":0},"end":{"line":145,"column":20}},"145":{"start":{"line":146,"column":0},"end":{"line":146,"column":27}},"146":{"start":{"line":147,"column":0},"end":{"line":147,"column":18}},"147":{"start":{"line":148,"column":0},"end":{"line":148,"column":35}},"148":{"start":{"line":149,"column":0},"end":{"line":149,"column":64}},"149":{"start":{"line":150,"column":0},"end":{"line":150,"column":7}},"150":{"start":{"line":151,"column":0},"end":{"line":151,"column":31}},"151":{"start":{"line":152,"column":0},"end":{"line":152,"column":36}},"152":{"start":{"line":153,"column":0},"end":{"line":153,"column":36}},"153":{"start":{"line":154,"column":0},"end":{"line":154,"column":26}},"154":{"start":{"line":155,"column":0},"end":{"line":155,"column":23}},"155":{"start":{"line":156,"column":0},"end":{"line":156,"column":60}},"156":{"start":{"line":157,"column":0},"end":{"line":157,"column":39}},"157":{"start":{"line":158,"column":0},"end":{"line":158,"column":16}},"158":{"start":{"line":159,"column":0},"end":{"line":159,"column":31}},"159":{"start":{"line":160,"column":0},"end":{"line":160,"column":60}},"160":{"start":{"line":161,"column":0},"end":{"line":161,"column":39}},"161":{"start":{"line":162,"column":0},"end":{"line":162,"column":16}},"162":{"start":{"line":163,"column":0},"end":{"line":163,"column":24}},"163":{"start":{"line":164,"column":0},"end":{"line":164,"column":61}},"164":{"start":{"line":165,"column":0},"end":{"line":165,"column":40}},"165":{"start":{"line":166,"column":0},"end":{"line":166,"column":16}},"166":{"start":{"line":167,"column":0},"end":{"line":167,"column":27}},"167":{"start":{"line":168,"column":0},"end":{"line":168,"column":58}},"168":{"start":{"line":169,"column":0},"end":{"line":169,"column":37}},"169":{"start":{"line":170,"column":0},"end":{"line":170,"column":16}},"170":{"start":{"line":171,"column":0},"end":{"line":171,"column":7}},"171":{"start":{"line":172,"column":0},"end":{"line":172,"column":71}},"172":{"start":{"line":173,"column":0},"end":{"line":173,"column":68}},"173":{"start":{"line":174,"column":0},"end":{"line":174,"column":32}},"174":{"start":{"line":175,"column":0},"end":{"line":175,"column":30}},"175":{"start":{"line":176,"column":0},"end":{"line":176,"column":34}},"176":{"start":{"line":177,"column":0},"end":{"line":177,"column":37}},"177":{"start":{"line":178,"column":0},"end":{"line":178,"column":37}},"178":{"start":{"line":179,"column":0},"end":{"line":179,"column":73}},"179":{"start":{"line":180,"column":0},"end":{"line":180,"column":55}},"180":{"start":{"line":181,"column":0},"end":{"line":181,"column":29}},"181":{"start":{"line":182,"column":0},"end":{"line":182,"column":16}},"182":{"start":{"line":183,"column":0},"end":{"line":183,"column":61}},"183":{"start":{"line":184,"column":0},"end":{"line":184,"column":37}},"184":{"start":{"line":185,"column":0},"end":{"line":185,"column":53}},"185":{"start":{"line":186,"column":0},"end":{"line":186,"column":12}},"186":{"start":{"line":187,"column":0},"end":{"line":187,"column":7}},"187":{"start":{"line":188,"column":0},"end":{"line":188,"column":58}},"188":{"start":{"line":189,"column":0},"end":{"line":189,"column":47}},"189":{"start":{"line":190,"column":0},"end":{"line":190,"column":36}},"190":{"start":{"line":191,"column":0},"end":{"line":191,"column":29}},"191":{"start":{"line":192,"column":0},"end":{"line":192,"column":33}},"192":{"start":{"line":193,"column":0},"end":{"line":193,"column":30}},"193":{"start":{"line":194,"column":0},"end":{"line":194,"column":37}},"194":{"start":{"line":195,"column":0},"end":{"line":195,"column":32}},"195":{"start":{"line":196,"column":0},"end":{"line":196,"column":28}},"196":{"start":{"line":197,"column":0},"end":{"line":197,"column":16}},"197":{"start":{"line":198,"column":0},"end":{"line":198,"column":11}},"198":{"start":{"line":199,"column":0},"end":{"line":199,"column":7}},"199":{"start":{"line":200,"column":0},"end":{"line":200,"column":5}},"200":{"start":{"line":201,"column":0},"end":{"line":201,"column":105}},"201":{"start":{"line":202,"column":0},"end":{"line":202,"column":30}},"202":{"start":{"line":203,"column":0},"end":{"line":203,"column":73}},"203":{"start":{"line":204,"column":0},"end":{"line":204,"column":32}},"204":{"start":{"line":205,"column":0},"end":{"line":205,"column":5}},"205":{"start":{"line":206,"column":0},"end":{"line":206,"column":44}},"206":{"start":{"line":207,"column":0},"end":{"line":207,"column":0}},"207":{"start":{"line":208,"column":0},"end":{"line":208,"column":50}},"208":{"start":{"line":209,"column":0},"end":{"line":209,"column":18}},"209":{"start":{"line":210,"column":0},"end":{"line":210,"column":34}},"210":{"start":{"line":211,"column":0},"end":{"line":211,"column":15}},"211":{"start":{"line":212,"column":0},"end":{"line":212,"column":31}},"212":{"start":{"line":213,"column":0},"end":{"line":213,"column":25}},"213":{"start":{"line":214,"column":0},"end":{"line":214,"column":32}},"214":{"start":{"line":215,"column":0},"end":{"line":215,"column":27}},"215":{"start":{"line":216,"column":0},"end":{"line":216,"column":34}},"216":{"start":{"line":217,"column":0},"end":{"line":217,"column":9}},"217":{"start":{"line":218,"column":0},"end":{"line":218,"column":0}},"218":{"start":{"line":219,"column":0},"end":{"line":219,"column":70}},"219":{"start":{"line":220,"column":0},"end":{"line":220,"column":39}},"220":{"start":{"line":221,"column":0},"end":{"line":221,"column":47}},"221":{"start":{"line":222,"column":0},"end":{"line":222,"column":65}},"222":{"start":{"line":223,"column":0},"end":{"line":223,"column":24}},"223":{"start":{"line":224,"column":0},"end":{"line":224,"column":25}},"224":{"start":{"line":225,"column":0},"end":{"line":225,"column":27}},"225":{"start":{"line":226,"column":0},"end":{"line":226,"column":18}},"226":{"start":{"line":227,"column":0},"end":{"line":227,"column":52}},"227":{"start":{"line":228,"column":0},"end":{"line":228,"column":22}},"228":{"start":{"line":229,"column":0},"end":{"line":229,"column":37}},"229":{"start":{"line":230,"column":0},"end":{"line":230,"column":19}},"230":{"start":{"line":231,"column":0},"end":{"line":231,"column":32}},"231":{"start":{"line":232,"column":0},"end":{"line":232,"column":34}},"232":{"start":{"line":233,"column":0},"end":{"line":233,"column":31}},"233":{"start":{"line":234,"column":0},"end":{"line":234,"column":49}},"234":{"start":{"line":235,"column":0},"end":{"line":235,"column":13}},"235":{"start":{"line":236,"column":0},"end":{"line":236,"column":7}},"236":{"start":{"line":237,"column":0},"end":{"line":237,"column":5}},"237":{"start":{"line":238,"column":0},"end":{"line":238,"column":0}},"238":{"start":{"line":239,"column":0},"end":{"line":239,"column":43}},"239":{"start":{"line":240,"column":0},"end":{"line":240,"column":121}},"240":{"start":{"line":241,"column":0},"end":{"line":241,"column":62}},"241":{"start":{"line":242,"column":0},"end":{"line":242,"column":48}},"242":{"start":{"line":243,"column":0},"end":{"line":243,"column":77}},"243":{"start":{"line":244,"column":0},"end":{"line":244,"column":159}},"244":{"start":{"line":245,"column":0},"end":{"line":245,"column":5}},"245":{"start":{"line":246,"column":0},"end":{"line":246,"column":28}},"246":{"start":{"line":247,"column":0},"end":{"line":247,"column":0}},"247":{"start":{"line":248,"column":0},"end":{"line":248,"column":38}},"248":{"start":{"line":249,"column":0},"end":{"line":249,"column":85}},"249":{"start":{"line":250,"column":0},"end":{"line":250,"column":26}},"250":{"start":{"line":251,"column":0},"end":{"line":251,"column":35}},"251":{"start":{"line":252,"column":0},"end":{"line":252,"column":23}},"252":{"start":{"line":253,"column":0},"end":{"line":253,"column":50}},"253":{"start":{"line":254,"column":0},"end":{"line":254,"column":40}},"254":{"start":{"line":255,"column":0},"end":{"line":255,"column":52}},"255":{"start":{"line":256,"column":0},"end":{"line":256,"column":60}},"256":{"start":{"line":257,"column":0},"end":{"line":257,"column":52}},"257":{"start":{"line":258,"column":0},"end":{"line":258,"column":61}},"258":{"start":{"line":259,"column":0},"end":{"line":259,"column":43}},"259":{"start":{"line":260,"column":0},"end":{"line":260,"column":20}},"260":{"start":{"line":261,"column":0},"end":{"line":261,"column":74}},"261":{"start":{"line":262,"column":0},"end":{"line":262,"column":13}},"262":{"start":{"line":263,"column":0},"end":{"line":263,"column":72}},"263":{"start":{"line":264,"column":0},"end":{"line":264,"column":23}},"264":{"start":{"line":265,"column":0},"end":{"line":265,"column":16}},"265":{"start":{"line":266,"column":0},"end":{"line":266,"column":47}},"266":{"start":{"line":267,"column":0},"end":{"line":267,"column":14}},"267":{"start":{"line":268,"column":0},"end":{"line":268,"column":96}},"268":{"start":{"line":269,"column":0},"end":{"line":269,"column":7}},"269":{"start":{"line":270,"column":0},"end":{"line":270,"column":7}},"270":{"start":{"line":271,"column":0},"end":{"line":271,"column":0}},"271":{"start":{"line":272,"column":0},"end":{"line":272,"column":40}},"272":{"start":{"line":273,"column":0},"end":{"line":273,"column":17}},"273":{"start":{"line":274,"column":0},"end":{"line":274,"column":49}},"274":{"start":{"line":275,"column":0},"end":{"line":275,"column":64}},"275":{"start":{"line":276,"column":0},"end":{"line":276,"column":3}},"276":{"start":{"line":277,"column":0},"end":{"line":277,"column":3}},"277":{"start":{"line":278,"column":0},"end":{"line":278,"column":0}},"278":{"start":{"line":279,"column":0},"end":{"line":279,"column":20}},"279":{"start":{"line":280,"column":0},"end":{"line":280,"column":40}},"280":{"start":{"line":281,"column":0},"end":{"line":281,"column":28}},"281":{"start":{"line":282,"column":0},"end":{"line":282,"column":7}},"282":{"start":{"line":283,"column":0},"end":{"line":283,"column":42}},"283":{"start":{"line":284,"column":0},"end":{"line":284,"column":23}},"284":{"start":{"line":285,"column":0},"end":{"line":285,"column":17}},"285":{"start":{"line":286,"column":0},"end":{"line":286,"column":22}},"286":{"start":{"line":287,"column":0},"end":{"line":287,"column":24}},"287":{"start":{"line":288,"column":0},"end":{"line":288,"column":12}},"288":{"start":{"line":289,"column":0},"end":{"line":289,"column":25}},"289":{"start":{"line":290,"column":0},"end":{"line":290,"column":14}},"290":{"start":{"line":291,"column":0},"end":{"line":291,"column":32}},"291":{"start":{"line":292,"column":0},"end":{"line":292,"column":70}},"292":{"start":{"line":293,"column":0},"end":{"line":293,"column":79}},"293":{"start":{"line":294,"column":0},"end":{"line":294,"column":12}},"294":{"start":{"line":295,"column":0},"end":{"line":295,"column":33}},"295":{"start":{"line":296,"column":0},"end":{"line":296,"column":9}},"296":{"start":{"line":297,"column":0},"end":{"line":297,"column":8}},"297":{"start":{"line":298,"column":0},"end":{"line":298,"column":19}},"298":{"start":{"line":299,"column":0},"end":{"line":299,"column":16}},"299":{"start":{"line":300,"column":0},"end":{"line":300,"column":27}},"300":{"start":{"line":301,"column":0},"end":{"line":301,"column":19}},"301":{"start":{"line":302,"column":0},"end":{"line":302,"column":17}},"302":{"start":{"line":303,"column":0},"end":{"line":303,"column":63}},"303":{"start":{"line":304,"column":0},"end":{"line":304,"column":3}},"304":{"start":{"line":305,"column":0},"end":{"line":305,"column":3}},"305":{"start":{"line":306,"column":0},"end":{"line":306,"column":0}},"306":{"start":{"line":307,"column":0},"end":{"line":307,"column":26}},"307":{"start":{"line":308,"column":0},"end":{"line":308,"column":37}},"308":{"start":{"line":309,"column":0},"end":{"line":309,"column":31}},"309":{"start":{"line":310,"column":0},"end":{"line":310,"column":16}},"310":{"start":{"line":311,"column":0},"end":{"line":311,"column":61}},"311":{"start":{"line":312,"column":0},"end":{"line":312,"column":3}},"312":{"start":{"line":313,"column":0},"end":{"line":313,"column":7}},"313":{"start":{"line":314,"column":0},"end":{"line":314,"column":42}},"314":{"start":{"line":315,"column":0},"end":{"line":315,"column":23}},"315":{"start":{"line":316,"column":0},"end":{"line":316,"column":17}},"316":{"start":{"line":317,"column":0},"end":{"line":317,"column":22}},"317":{"start":{"line":318,"column":0},"end":{"line":318,"column":24}},"318":{"start":{"line":319,"column":0},"end":{"line":319,"column":12}},"319":{"start":{"line":320,"column":0},"end":{"line":320,"column":25}},"320":{"start":{"line":321,"column":0},"end":{"line":321,"column":14}},"321":{"start":{"line":322,"column":0},"end":{"line":322,"column":32}},"322":{"start":{"line":323,"column":0},"end":{"line":323,"column":70}},"323":{"start":{"line":324,"column":0},"end":{"line":324,"column":79}},"324":{"start":{"line":325,"column":0},"end":{"line":325,"column":12}},"325":{"start":{"line":326,"column":0},"end":{"line":326,"column":33}},"326":{"start":{"line":327,"column":0},"end":{"line":327,"column":9}},"327":{"start":{"line":328,"column":0},"end":{"line":328,"column":8}},"328":{"start":{"line":329,"column":0},"end":{"line":329,"column":28}},"329":{"start":{"line":330,"column":0},"end":{"line":330,"column":51}},"330":{"start":{"line":331,"column":0},"end":{"line":331,"column":0}},"331":{"start":{"line":332,"column":0},"end":{"line":332,"column":27}},"332":{"start":{"line":333,"column":0},"end":{"line":333,"column":19}},"333":{"start":{"line":334,"column":0},"end":{"line":334,"column":17}},"334":{"start":{"line":335,"column":0},"end":{"line":335,"column":64}},"335":{"start":{"line":336,"column":0},"end":{"line":336,"column":3}},"336":{"start":{"line":337,"column":0},"end":{"line":337,"column":3}},"337":{"start":{"line":338,"column":0},"end":{"line":338,"column":0}},"338":{"start":{"line":339,"column":0},"end":{"line":339,"column":19}},"339":{"start":{"line":340,"column":0},"end":{"line":340,"column":48}},"340":{"start":{"line":341,"column":0},"end":{"line":341,"column":28}},"341":{"start":{"line":342,"column":0},"end":{"line":342,"column":65}},"342":{"start":{"line":343,"column":0},"end":{"line":343,"column":42}},"343":{"start":{"line":344,"column":0},"end":{"line":344,"column":7}},"344":{"start":{"line":345,"column":0},"end":{"line":345,"column":26}},"345":{"start":{"line":346,"column":0},"end":{"line":346,"column":48}},"346":{"start":{"line":347,"column":0},"end":{"line":347,"column":23}},"347":{"start":{"line":348,"column":0},"end":{"line":348,"column":23}},"348":{"start":{"line":349,"column":0},"end":{"line":349,"column":19}},"349":{"start":{"line":350,"column":0},"end":{"line":350,"column":16}},"350":{"start":{"line":351,"column":0},"end":{"line":351,"column":38}},"351":{"start":{"line":352,"column":0},"end":{"line":352,"column":50}},"352":{"start":{"line":353,"column":0},"end":{"line":353,"column":23}},"353":{"start":{"line":354,"column":0},"end":{"line":354,"column":38}},"354":{"start":{"line":355,"column":0},"end":{"line":355,"column":20}},"355":{"start":{"line":356,"column":0},"end":{"line":356,"column":41}},"356":{"start":{"line":357,"column":0},"end":{"line":357,"column":0}},"357":{"start":{"line":358,"column":0},"end":{"line":358,"column":23}},"358":{"start":{"line":359,"column":0},"end":{"line":359,"column":18}},"359":{"start":{"line":360,"column":0},"end":{"line":360,"column":34}},"360":{"start":{"line":361,"column":0},"end":{"line":361,"column":15}},"361":{"start":{"line":362,"column":0},"end":{"line":362,"column":23}},"362":{"start":{"line":363,"column":0},"end":{"line":363,"column":48}},"363":{"start":{"line":364,"column":0},"end":{"line":364,"column":32}},"364":{"start":{"line":365,"column":0},"end":{"line":365,"column":27}},"365":{"start":{"line":366,"column":0},"end":{"line":366,"column":41}},"366":{"start":{"line":367,"column":0},"end":{"line":367,"column":9}},"367":{"start":{"line":368,"column":0},"end":{"line":368,"column":0}},"368":{"start":{"line":369,"column":0},"end":{"line":369,"column":76}},"369":{"start":{"line":370,"column":0},"end":{"line":370,"column":43}},"370":{"start":{"line":371,"column":0},"end":{"line":371,"column":67}},"371":{"start":{"line":372,"column":0},"end":{"line":372,"column":30}},"372":{"start":{"line":373,"column":0},"end":{"line":373,"column":38}},"373":{"start":{"line":374,"column":0},"end":{"line":374,"column":28}},"374":{"start":{"line":375,"column":0},"end":{"line":375,"column":31}},"375":{"start":{"line":376,"column":0},"end":{"line":376,"column":44}},"376":{"start":{"line":377,"column":0},"end":{"line":377,"column":30}},"377":{"start":{"line":378,"column":0},"end":{"line":378,"column":30}},"378":{"start":{"line":379,"column":0},"end":{"line":379,"column":68}},"379":{"start":{"line":380,"column":0},"end":{"line":380,"column":84}},"380":{"start":{"line":381,"column":0},"end":{"line":381,"column":70}},"381":{"start":{"line":382,"column":0},"end":{"line":382,"column":76}},"382":{"start":{"line":383,"column":0},"end":{"line":383,"column":54}},"383":{"start":{"line":384,"column":0},"end":{"line":384,"column":7}},"384":{"start":{"line":385,"column":0},"end":{"line":385,"column":42}},"385":{"start":{"line":386,"column":0},"end":{"line":386,"column":45}},"386":{"start":{"line":387,"column":0},"end":{"line":387,"column":24}},"387":{"start":{"line":388,"column":0},"end":{"line":388,"column":31}},"388":{"start":{"line":389,"column":0},"end":{"line":389,"column":31}},"389":{"start":{"line":390,"column":0},"end":{"line":390,"column":18}},"390":{"start":{"line":391,"column":0},"end":{"line":391,"column":19}},"391":{"start":{"line":392,"column":0},"end":{"line":392,"column":22}},"392":{"start":{"line":393,"column":0},"end":{"line":393,"column":26}},"393":{"start":{"line":394,"column":0},"end":{"line":394,"column":67}},"394":{"start":{"line":395,"column":0},"end":{"line":395,"column":34}},"395":{"start":{"line":396,"column":0},"end":{"line":396,"column":7}},"396":{"start":{"line":397,"column":0},"end":{"line":397,"column":5}},"397":{"start":{"line":398,"column":0},"end":{"line":398,"column":0}},"398":{"start":{"line":399,"column":0},"end":{"line":399,"column":43}},"399":{"start":{"line":400,"column":0},"end":{"line":400,"column":70}},"400":{"start":{"line":401,"column":0},"end":{"line":401,"column":23}},"401":{"start":{"line":402,"column":0},"end":{"line":402,"column":72}},"402":{"start":{"line":403,"column":0},"end":{"line":403,"column":19}},"403":{"start":{"line":404,"column":0},"end":{"line":404,"column":16}},"404":{"start":{"line":405,"column":0},"end":{"line":405,"column":65}},"405":{"start":{"line":406,"column":0},"end":{"line":406,"column":28}},"406":{"start":{"line":407,"column":0},"end":{"line":407,"column":37}},"407":{"start":{"line":408,"column":0},"end":{"line":408,"column":34}},"408":{"start":{"line":409,"column":0},"end":{"line":409,"column":58}},"409":{"start":{"line":410,"column":0},"end":{"line":410,"column":41}},"410":{"start":{"line":411,"column":0},"end":{"line":411,"column":98}},"411":{"start":{"line":412,"column":0},"end":{"line":412,"column":67}},"412":{"start":{"line":413,"column":0},"end":{"line":413,"column":15}},"413":{"start":{"line":414,"column":0},"end":{"line":414,"column":74}},"414":{"start":{"line":415,"column":0},"end":{"line":415,"column":25}},"415":{"start":{"line":416,"column":0},"end":{"line":416,"column":18}},"416":{"start":{"line":417,"column":0},"end":{"line":417,"column":62}},"417":{"start":{"line":418,"column":0},"end":{"line":418,"column":16}},"418":{"start":{"line":419,"column":0},"end":{"line":419,"column":107}},"419":{"start":{"line":420,"column":0},"end":{"line":420,"column":9}},"420":{"start":{"line":421,"column":0},"end":{"line":421,"column":9}},"421":{"start":{"line":422,"column":0},"end":{"line":422,"column":5}},"422":{"start":{"line":423,"column":0},"end":{"line":423,"column":32}},"423":{"start":{"line":424,"column":0},"end":{"line":424,"column":17}},"424":{"start":{"line":425,"column":0},"end":{"line":425,"column":64}},"425":{"start":{"line":426,"column":0},"end":{"line":426,"column":3}},"426":{"start":{"line":427,"column":0},"end":{"line":427,"column":3}},"427":{"start":{"line":428,"column":0},"end":{"line":428,"column":0}},"428":{"start":{"line":429,"column":0},"end":{"line":429,"column":60}},"429":{"start":{"line":430,"column":0},"end":{"line":430,"column":40}},"430":{"start":{"line":431,"column":0},"end":{"line":431,"column":28}},"431":{"start":{"line":432,"column":0},"end":{"line":432,"column":64}},"432":{"start":{"line":433,"column":0},"end":{"line":433,"column":7}},"433":{"start":{"line":434,"column":0},"end":{"line":434,"column":43}},"434":{"start":{"line":435,"column":0},"end":{"line":435,"column":51}},"435":{"start":{"line":436,"column":0},"end":{"line":436,"column":23}},"436":{"start":{"line":437,"column":0},"end":{"line":437,"column":54}},"437":{"start":{"line":438,"column":0},"end":{"line":438,"column":19}},"438":{"start":{"line":439,"column":0},"end":{"line":439,"column":16}},"439":{"start":{"line":440,"column":0},"end":{"line":440,"column":73}},"440":{"start":{"line":441,"column":0},"end":{"line":441,"column":58}},"441":{"start":{"line":442,"column":0},"end":{"line":442,"column":27}},"442":{"start":{"line":443,"column":0},"end":{"line":443,"column":110}},"443":{"start":{"line":444,"column":0},"end":{"line":444,"column":22}},"444":{"start":{"line":445,"column":0},"end":{"line":445,"column":92}},"445":{"start":{"line":446,"column":0},"end":{"line":446,"column":5}},"446":{"start":{"line":447,"column":0},"end":{"line":447,"column":38}},"447":{"start":{"line":448,"column":0},"end":{"line":448,"column":41}},"448":{"start":{"line":449,"column":0},"end":{"line":449,"column":20}},"449":{"start":{"line":450,"column":0},"end":{"line":450,"column":25}},"450":{"start":{"line":451,"column":0},"end":{"line":451,"column":17}},"451":{"start":{"line":452,"column":0},"end":{"line":452,"column":64}},"452":{"start":{"line":453,"column":0},"end":{"line":453,"column":64}},"453":{"start":{"line":454,"column":0},"end":{"line":454,"column":10}},"454":{"start":{"line":455,"column":0},"end":{"line":455,"column":22}},"455":{"start":{"line":456,"column":0},"end":{"line":456,"column":5}},"456":{"start":{"line":457,"column":0},"end":{"line":457,"column":69}},"457":{"start":{"line":458,"column":0},"end":{"line":458,"column":36}},"458":{"start":{"line":459,"column":0},"end":{"line":459,"column":35}},"459":{"start":{"line":460,"column":0},"end":{"line":460,"column":22}},"460":{"start":{"line":461,"column":0},"end":{"line":461,"column":29}},"461":{"start":{"line":462,"column":0},"end":{"line":462,"column":19}},"462":{"start":{"line":463,"column":0},"end":{"line":463,"column":37}},"463":{"start":{"line":464,"column":0},"end":{"line":464,"column":35}},"464":{"start":{"line":465,"column":0},"end":{"line":465,"column":47}},"465":{"start":{"line":466,"column":0},"end":{"line":466,"column":39}},"466":{"start":{"line":467,"column":0},"end":{"line":467,"column":12}},"467":{"start":{"line":468,"column":0},"end":{"line":468,"column":26}},"468":{"start":{"line":469,"column":0},"end":{"line":469,"column":7}},"469":{"start":{"line":470,"column":0},"end":{"line":470,"column":5}},"470":{"start":{"line":471,"column":0},"end":{"line":471,"column":32}},"471":{"start":{"line":472,"column":0},"end":{"line":472,"column":17}},"472":{"start":{"line":473,"column":0},"end":{"line":473,"column":64}},"473":{"start":{"line":474,"column":0},"end":{"line":474,"column":3}},"474":{"start":{"line":475,"column":0},"end":{"line":475,"column":3}},"475":{"start":{"line":476,"column":0},"end":{"line":476,"column":0}},"476":{"start":{"line":477,"column":0},"end":{"line":477,"column":51}},"477":{"start":{"line":478,"column":0},"end":{"line":478,"column":59}},"478":{"start":{"line":479,"column":0},"end":{"line":479,"column":28}},"479":{"start":{"line":480,"column":0},"end":{"line":480,"column":7}},"480":{"start":{"line":481,"column":0},"end":{"line":481,"column":60}},"481":{"start":{"line":482,"column":0},"end":{"line":482,"column":70}},"482":{"start":{"line":483,"column":0},"end":{"line":483,"column":23}},"483":{"start":{"line":484,"column":0},"end":{"line":484,"column":53}},"484":{"start":{"line":485,"column":0},"end":{"line":485,"column":19}},"485":{"start":{"line":486,"column":0},"end":{"line":486,"column":16}},"486":{"start":{"line":487,"column":0},"end":{"line":487,"column":73}},"487":{"start":{"line":488,"column":0},"end":{"line":488,"column":83}},"488":{"start":{"line":489,"column":0},"end":{"line":489,"column":5}},"489":{"start":{"line":490,"column":0},"end":{"line":490,"column":43}},"490":{"start":{"line":491,"column":0},"end":{"line":491,"column":121}},"491":{"start":{"line":492,"column":0},"end":{"line":492,"column":62}},"492":{"start":{"line":493,"column":0},"end":{"line":493,"column":56}},"493":{"start":{"line":494,"column":0},"end":{"line":494,"column":101}},"494":{"start":{"line":495,"column":0},"end":{"line":495,"column":160}},"495":{"start":{"line":496,"column":0},"end":{"line":496,"column":5}},"496":{"start":{"line":497,"column":0},"end":{"line":497,"column":28}},"497":{"start":{"line":498,"column":0},"end":{"line":498,"column":26}},"498":{"start":{"line":499,"column":0},"end":{"line":499,"column":35}},"499":{"start":{"line":500,"column":0},"end":{"line":500,"column":39}},"500":{"start":{"line":501,"column":0},"end":{"line":501,"column":54}},"501":{"start":{"line":502,"column":0},"end":{"line":502,"column":38}},"502":{"start":{"line":503,"column":0},"end":{"line":503,"column":98}},"503":{"start":{"line":504,"column":0},"end":{"line":504,"column":76}},"504":{"start":{"line":505,"column":0},"end":{"line":505,"column":68}},"505":{"start":{"line":506,"column":0},"end":{"line":506,"column":77}},"506":{"start":{"line":507,"column":0},"end":{"line":507,"column":43}},"507":{"start":{"line":508,"column":0},"end":{"line":508,"column":20}},"508":{"start":{"line":509,"column":0},"end":{"line":509,"column":74}},"509":{"start":{"line":510,"column":0},"end":{"line":510,"column":13}},"510":{"start":{"line":511,"column":0},"end":{"line":511,"column":72}},"511":{"start":{"line":512,"column":0},"end":{"line":512,"column":23}},"512":{"start":{"line":513,"column":0},"end":{"line":513,"column":16}},"513":{"start":{"line":514,"column":0},"end":{"line":514,"column":54}},"514":{"start":{"line":515,"column":0},"end":{"line":515,"column":78}},"515":{"start":{"line":516,"column":0},"end":{"line":516,"column":14}},"516":{"start":{"line":517,"column":0},"end":{"line":517,"column":106}},"517":{"start":{"line":518,"column":0},"end":{"line":518,"column":43}},"518":{"start":{"line":519,"column":0},"end":{"line":519,"column":7}},"519":{"start":{"line":520,"column":0},"end":{"line":520,"column":7}},"520":{"start":{"line":521,"column":0},"end":{"line":521,"column":17}},"521":{"start":{"line":522,"column":0},"end":{"line":522,"column":73}},"522":{"start":{"line":523,"column":0},"end":{"line":523,"column":3}},"523":{"start":{"line":524,"column":0},"end":{"line":524,"column":3}},"524":{"start":{"line":525,"column":0},"end":{"line":525,"column":0}},"525":{"start":{"line":526,"column":0},"end":{"line":526,"column":36}},"526":{"start":{"line":527,"column":0},"end":{"line":527,"column":44}},"527":{"start":{"line":528,"column":0},"end":{"line":528,"column":28}},"528":{"start":{"line":529,"column":0},"end":{"line":529,"column":7}},"529":{"start":{"line":530,"column":0},"end":{"line":530,"column":53}},"530":{"start":{"line":531,"column":0},"end":{"line":531,"column":51}},"531":{"start":{"line":532,"column":0},"end":{"line":532,"column":23}},"532":{"start":{"line":533,"column":0},"end":{"line":533,"column":17}},"533":{"start":{"line":534,"column":0},"end":{"line":534,"column":22}},"534":{"start":{"line":535,"column":0},"end":{"line":535,"column":24}},"535":{"start":{"line":536,"column":0},"end":{"line":536,"column":12}},"536":{"start":{"line":537,"column":0},"end":{"line":537,"column":25}},"537":{"start":{"line":538,"column":0},"end":{"line":538,"column":14}},"538":{"start":{"line":539,"column":0},"end":{"line":539,"column":32}},"539":{"start":{"line":540,"column":0},"end":{"line":540,"column":70}},"540":{"start":{"line":541,"column":0},"end":{"line":541,"column":80}},"541":{"start":{"line":542,"column":0},"end":{"line":542,"column":32}},"542":{"start":{"line":543,"column":0},"end":{"line":543,"column":12}},"543":{"start":{"line":544,"column":0},"end":{"line":544,"column":33}},"544":{"start":{"line":545,"column":0},"end":{"line":545,"column":9}},"545":{"start":{"line":546,"column":0},"end":{"line":546,"column":8}},"546":{"start":{"line":547,"column":0},"end":{"line":547,"column":19}},"547":{"start":{"line":548,"column":0},"end":{"line":548,"column":16}},"548":{"start":{"line":549,"column":0},"end":{"line":549,"column":73}},"549":{"start":{"line":550,"column":0},"end":{"line":550,"column":54}},"550":{"start":{"line":551,"column":0},"end":{"line":551,"column":17}},"551":{"start":{"line":552,"column":0},"end":{"line":552,"column":48}},"552":{"start":{"line":553,"column":0},"end":{"line":553,"column":53}},"553":{"start":{"line":554,"column":0},"end":{"line":554,"column":108}},"554":{"start":{"line":555,"column":0},"end":{"line":555,"column":18}},"555":{"start":{"line":556,"column":0},"end":{"line":556,"column":39}},"556":{"start":{"line":557,"column":0},"end":{"line":557,"column":55}},"557":{"start":{"line":558,"column":0},"end":{"line":558,"column":26}},"558":{"start":{"line":559,"column":0},"end":{"line":559,"column":80}},"559":{"start":{"line":560,"column":0},"end":{"line":560,"column":34}},"560":{"start":{"line":561,"column":0},"end":{"line":561,"column":87}},"561":{"start":{"line":562,"column":0},"end":{"line":562,"column":5}},"562":{"start":{"line":563,"column":0},"end":{"line":563,"column":7}},"563":{"start":{"line":564,"column":0},"end":{"line":564,"column":25}},"564":{"start":{"line":565,"column":0},"end":{"line":565,"column":19}},"565":{"start":{"line":566,"column":0},"end":{"line":566,"column":29}},"566":{"start":{"line":567,"column":0},"end":{"line":567,"column":76}},"567":{"start":{"line":568,"column":0},"end":{"line":568,"column":20}},"568":{"start":{"line":569,"column":0},"end":{"line":569,"column":17}},"569":{"start":{"line":570,"column":0},"end":{"line":570,"column":7}},"570":{"start":{"line":571,"column":0},"end":{"line":571,"column":20}},"571":{"start":{"line":572,"column":0},"end":{"line":572,"column":19}},"572":{"start":{"line":573,"column":0},"end":{"line":573,"column":27}},"573":{"start":{"line":574,"column":0},"end":{"line":574,"column":29}},"574":{"start":{"line":575,"column":0},"end":{"line":575,"column":90}},"575":{"start":{"line":576,"column":0},"end":{"line":576,"column":21}},"576":{"start":{"line":577,"column":0},"end":{"line":577,"column":35}},"577":{"start":{"line":578,"column":0},"end":{"line":578,"column":7}},"578":{"start":{"line":579,"column":0},"end":{"line":579,"column":19}},"579":{"start":{"line":580,"column":0},"end":{"line":580,"column":25}},"580":{"start":{"line":581,"column":0},"end":{"line":581,"column":24}},"581":{"start":{"line":582,"column":0},"end":{"line":582,"column":106}},"582":{"start":{"line":583,"column":0},"end":{"line":583,"column":21}},"583":{"start":{"line":584,"column":0},"end":{"line":584,"column":7}},"584":{"start":{"line":585,"column":0},"end":{"line":585,"column":19}},"585":{"start":{"line":586,"column":0},"end":{"line":586,"column":72}},"586":{"start":{"line":587,"column":0},"end":{"line":587,"column":134}},"587":{"start":{"line":588,"column":0},"end":{"line":588,"column":19}},"588":{"start":{"line":589,"column":0},"end":{"line":589,"column":29}},"589":{"start":{"line":590,"column":0},"end":{"line":590,"column":17}},"590":{"start":{"line":591,"column":0},"end":{"line":591,"column":9}},"591":{"start":{"line":592,"column":0},"end":{"line":592,"column":21}},"592":{"start":{"line":593,"column":0},"end":{"line":593,"column":29}},"593":{"start":{"line":594,"column":0},"end":{"line":594,"column":31}},"594":{"start":{"line":595,"column":0},"end":{"line":595,"column":92}},"595":{"start":{"line":596,"column":0},"end":{"line":596,"column":23}},"596":{"start":{"line":597,"column":0},"end":{"line":597,"column":9}},"597":{"start":{"line":598,"column":0},"end":{"line":598,"column":21}},"598":{"start":{"line":599,"column":0},"end":{"line":599,"column":27}},"599":{"start":{"line":600,"column":0},"end":{"line":600,"column":26}},"600":{"start":{"line":601,"column":0},"end":{"line":601,"column":126}},"601":{"start":{"line":602,"column":0},"end":{"line":602,"column":144}},"602":{"start":{"line":603,"column":0},"end":{"line":603,"column":152}},"603":{"start":{"line":604,"column":0},"end":{"line":604,"column":123}},"604":{"start":{"line":605,"column":0},"end":{"line":605,"column":119}},"605":{"start":{"line":606,"column":0},"end":{"line":606,"column":127}},"606":{"start":{"line":607,"column":0},"end":{"line":607,"column":132}},"607":{"start":{"line":608,"column":0},"end":{"line":608,"column":21}},"608":{"start":{"line":609,"column":0},"end":{"line":609,"column":5}},"609":{"start":{"line":610,"column":0},"end":{"line":610,"column":43}},"610":{"start":{"line":611,"column":0},"end":{"line":611,"column":7}},"611":{"start":{"line":612,"column":0},"end":{"line":612,"column":19}},"612":{"start":{"line":613,"column":0},"end":{"line":613,"column":27}},"613":{"start":{"line":614,"column":0},"end":{"line":614,"column":29}},"614":{"start":{"line":615,"column":0},"end":{"line":615,"column":93}},"615":{"start":{"line":616,"column":0},"end":{"line":616,"column":21}},"616":{"start":{"line":617,"column":0},"end":{"line":617,"column":19}},"617":{"start":{"line":618,"column":0},"end":{"line":618,"column":27}},"618":{"start":{"line":619,"column":0},"end":{"line":619,"column":27}},"619":{"start":{"line":620,"column":0},"end":{"line":620,"column":53}},"620":{"start":{"line":621,"column":0},"end":{"line":621,"column":7}},"621":{"start":{"line":622,"column":0},"end":{"line":622,"column":45}},"622":{"start":{"line":623,"column":0},"end":{"line":623,"column":23}},"623":{"start":{"line":624,"column":0},"end":{"line":624,"column":7}},"624":{"start":{"line":625,"column":0},"end":{"line":625,"column":27}},"625":{"start":{"line":626,"column":0},"end":{"line":626,"column":19}},"626":{"start":{"line":627,"column":0},"end":{"line":627,"column":29}},"627":{"start":{"line":628,"column":0},"end":{"line":628,"column":45}},"628":{"start":{"line":629,"column":0},"end":{"line":629,"column":47}},"629":{"start":{"line":630,"column":0},"end":{"line":630,"column":47}},"630":{"start":{"line":631,"column":0},"end":{"line":631,"column":49}},"631":{"start":{"line":632,"column":0},"end":{"line":632,"column":26}},"632":{"start":{"line":633,"column":0},"end":{"line":633,"column":16}},"633":{"start":{"line":634,"column":0},"end":{"line":634,"column":49}},"634":{"start":{"line":635,"column":0},"end":{"line":635,"column":94}},"635":{"start":{"line":636,"column":0},"end":{"line":636,"column":28}},"636":{"start":{"line":637,"column":0},"end":{"line":637,"column":26}},"637":{"start":{"line":638,"column":0},"end":{"line":638,"column":64}},"638":{"start":{"line":639,"column":0},"end":{"line":639,"column":7}},"639":{"start":{"line":640,"column":0},"end":{"line":640,"column":9}},"640":{"start":{"line":641,"column":0},"end":{"line":641,"column":27}},"641":{"start":{"line":642,"column":0},"end":{"line":642,"column":26}},"642":{"start":{"line":643,"column":0},"end":{"line":643,"column":78}},"643":{"start":{"line":644,"column":0},"end":{"line":644,"column":56}},"644":{"start":{"line":645,"column":0},"end":{"line":645,"column":54}},"645":{"start":{"line":646,"column":0},"end":{"line":646,"column":54}},"646":{"start":{"line":647,"column":0},"end":{"line":647,"column":14}},"647":{"start":{"line":648,"column":0},"end":{"line":648,"column":12}},"648":{"start":{"line":649,"column":0},"end":{"line":649,"column":5}},"649":{"start":{"line":650,"column":0},"end":{"line":650,"column":20}},"650":{"start":{"line":651,"column":0},"end":{"line":651,"column":19}},"651":{"start":{"line":652,"column":0},"end":{"line":652,"column":7}},"652":{"start":{"line":653,"column":0},"end":{"line":653,"column":19}},"653":{"start":{"line":654,"column":0},"end":{"line":654,"column":27}},"654":{"start":{"line":655,"column":0},"end":{"line":655,"column":29}},"655":{"start":{"line":656,"column":0},"end":{"line":656,"column":95}},"656":{"start":{"line":657,"column":0},"end":{"line":657,"column":21}},"657":{"start":{"line":658,"column":0},"end":{"line":658,"column":7}},"658":{"start":{"line":659,"column":0},"end":{"line":659,"column":19}},"659":{"start":{"line":660,"column":0},"end":{"line":660,"column":25}},"660":{"start":{"line":661,"column":0},"end":{"line":661,"column":24}},"661":{"start":{"line":662,"column":0},"end":{"line":662,"column":90}},"662":{"start":{"line":663,"column":0},"end":{"line":663,"column":97}},"663":{"start":{"line":664,"column":0},"end":{"line":664,"column":19}},"664":{"start":{"line":665,"column":0},"end":{"line":665,"column":22}},"665":{"start":{"line":666,"column":0},"end":{"line":666,"column":7}},"666":{"start":{"line":667,"column":0},"end":{"line":667,"column":19}},"667":{"start":{"line":668,"column":0},"end":{"line":668,"column":27}},"668":{"start":{"line":669,"column":0},"end":{"line":669,"column":29}},"669":{"start":{"line":670,"column":0},"end":{"line":670,"column":91}},"670":{"start":{"line":671,"column":0},"end":{"line":671,"column":21}},"671":{"start":{"line":672,"column":0},"end":{"line":672,"column":7}},"672":{"start":{"line":673,"column":0},"end":{"line":673,"column":19}},"673":{"start":{"line":674,"column":0},"end":{"line":674,"column":25}},"674":{"start":{"line":675,"column":0},"end":{"line":675,"column":24}},"675":{"start":{"line":676,"column":0},"end":{"line":676,"column":123}},"676":{"start":{"line":677,"column":0},"end":{"line":677,"column":116}},"677":{"start":{"line":678,"column":0},"end":{"line":678,"column":19}},"678":{"start":{"line":679,"column":0},"end":{"line":679,"column":21}},"679":{"start":{"line":680,"column":0},"end":{"line":680,"column":7}},"680":{"start":{"line":681,"column":0},"end":{"line":681,"column":19}},"681":{"start":{"line":682,"column":0},"end":{"line":682,"column":24}},"682":{"start":{"line":683,"column":0},"end":{"line":683,"column":32}},"683":{"start":{"line":684,"column":0},"end":{"line":684,"column":178}},"684":{"start":{"line":685,"column":0},"end":{"line":685,"column":35}},"685":{"start":{"line":686,"column":0},"end":{"line":686,"column":14}},"686":{"start":{"line":687,"column":0},"end":{"line":687,"column":40}},"687":{"start":{"line":688,"column":0},"end":{"line":688,"column":19}},"688":{"start":{"line":689,"column":0},"end":{"line":689,"column":7}},"689":{"start":{"line":690,"column":0},"end":{"line":690,"column":19}},"690":{"start":{"line":691,"column":0},"end":{"line":691,"column":24}},"691":{"start":{"line":692,"column":0},"end":{"line":692,"column":32}},"692":{"start":{"line":693,"column":0},"end":{"line":693,"column":121}},"693":{"start":{"line":694,"column":0},"end":{"line":694,"column":14}},"694":{"start":{"line":695,"column":0},"end":{"line":695,"column":17}},"695":{"start":{"line":696,"column":0},"end":{"line":696,"column":62}},"696":{"start":{"line":697,"column":0},"end":{"line":697,"column":3}},"697":{"start":{"line":698,"column":0},"end":{"line":698,"column":3}},"698":{"start":{"line":699,"column":0},"end":{"line":699,"column":0}},"699":{"start":{"line":700,"column":0},"end":{"line":700,"column":31}},"700":{"start":{"line":701,"column":0},"end":{"line":701,"column":55}},"701":{"start":{"line":702,"column":0},"end":{"line":702,"column":28}},"702":{"start":{"line":703,"column":0},"end":{"line":703,"column":45}},"703":{"start":{"line":704,"column":0},"end":{"line":704,"column":7}},"704":{"start":{"line":705,"column":0},"end":{"line":705,"column":43}},"705":{"start":{"line":706,"column":0},"end":{"line":706,"column":51}},"706":{"start":{"line":707,"column":0},"end":{"line":707,"column":23}},"707":{"start":{"line":708,"column":0},"end":{"line":708,"column":54}},"708":{"start":{"line":709,"column":0},"end":{"line":709,"column":19}},"709":{"start":{"line":710,"column":0},"end":{"line":710,"column":16}},"710":{"start":{"line":711,"column":0},"end":{"line":711,"column":73}},"711":{"start":{"line":712,"column":0},"end":{"line":712,"column":39}},"712":{"start":{"line":713,"column":0},"end":{"line":713,"column":27}},"713":{"start":{"line":714,"column":0},"end":{"line":714,"column":110}},"714":{"start":{"line":715,"column":0},"end":{"line":715,"column":107}},"715":{"start":{"line":716,"column":0},"end":{"line":716,"column":20}},"716":{"start":{"line":717,"column":0},"end":{"line":717,"column":64}},"717":{"start":{"line":718,"column":0},"end":{"line":718,"column":25}},"718":{"start":{"line":719,"column":0},"end":{"line":719,"column":15}},"719":{"start":{"line":720,"column":0},"end":{"line":720,"column":23}},"720":{"start":{"line":721,"column":0},"end":{"line":721,"column":21}},"721":{"start":{"line":722,"column":0},"end":{"line":722,"column":8}},"722":{"start":{"line":723,"column":0},"end":{"line":723,"column":15}},"723":{"start":{"line":724,"column":0},"end":{"line":724,"column":16}},"724":{"start":{"line":725,"column":0},"end":{"line":725,"column":29}},"725":{"start":{"line":726,"column":0},"end":{"line":726,"column":36}},"726":{"start":{"line":727,"column":0},"end":{"line":727,"column":47}},"727":{"start":{"line":728,"column":0},"end":{"line":728,"column":53}},"728":{"start":{"line":729,"column":0},"end":{"line":729,"column":23}},"729":{"start":{"line":730,"column":0},"end":{"line":730,"column":32}},"730":{"start":{"line":731,"column":0},"end":{"line":731,"column":38}},"731":{"start":{"line":732,"column":0},"end":{"line":732,"column":48}},"732":{"start":{"line":733,"column":0},"end":{"line":733,"column":24}},"733":{"start":{"line":734,"column":0},"end":{"line":734,"column":9}},"734":{"start":{"line":735,"column":0},"end":{"line":735,"column":5}},"735":{"start":{"line":736,"column":0},"end":{"line":736,"column":24}},"736":{"start":{"line":737,"column":0},"end":{"line":737,"column":47}},"737":{"start":{"line":738,"column":0},"end":{"line":738,"column":104}},"738":{"start":{"line":739,"column":0},"end":{"line":739,"column":87}},"739":{"start":{"line":740,"column":0},"end":{"line":740,"column":32}},"740":{"start":{"line":741,"column":0},"end":{"line":741,"column":17}},"741":{"start":{"line":742,"column":0},"end":{"line":742,"column":63}},"742":{"start":{"line":743,"column":0},"end":{"line":743,"column":3}},"743":{"start":{"line":744,"column":0},"end":{"line":744,"column":3}},"744":{"start":{"line":745,"column":0},"end":{"line":745,"column":0}},"745":{"start":{"line":746,"column":0},"end":{"line":746,"column":36}},"746":{"start":{"line":747,"column":0},"end":{"line":747,"column":58}},"747":{"start":{"line":748,"column":0},"end":{"line":748,"column":28}},"748":{"start":{"line":749,"column":0},"end":{"line":749,"column":36}},"749":{"start":{"line":750,"column":0},"end":{"line":750,"column":7}},"750":{"start":{"line":751,"column":0},"end":{"line":751,"column":43}},"751":{"start":{"line":752,"column":0},"end":{"line":752,"column":51}},"752":{"start":{"line":753,"column":0},"end":{"line":753,"column":23}},"753":{"start":{"line":754,"column":0},"end":{"line":754,"column":54}},"754":{"start":{"line":755,"column":0},"end":{"line":755,"column":19}},"755":{"start":{"line":756,"column":0},"end":{"line":756,"column":16}},"756":{"start":{"line":757,"column":0},"end":{"line":757,"column":73}},"757":{"start":{"line":758,"column":0},"end":{"line":758,"column":39}},"758":{"start":{"line":759,"column":0},"end":{"line":759,"column":27}},"759":{"start":{"line":760,"column":0},"end":{"line":760,"column":110}},"760":{"start":{"line":761,"column":0},"end":{"line":761,"column":107}},"761":{"start":{"line":762,"column":0},"end":{"line":762,"column":59}},"762":{"start":{"line":763,"column":0},"end":{"line":763,"column":106}},"763":{"start":{"line":764,"column":0},"end":{"line":764,"column":70}},"764":{"start":{"line":765,"column":0},"end":{"line":765,"column":24}},"765":{"start":{"line":766,"column":0},"end":{"line":766,"column":104}},"766":{"start":{"line":767,"column":0},"end":{"line":767,"column":87}},"767":{"start":{"line":768,"column":0},"end":{"line":768,"column":32}},"768":{"start":{"line":769,"column":0},"end":{"line":769,"column":17}},"769":{"start":{"line":770,"column":0},"end":{"line":770,"column":66}},"770":{"start":{"line":771,"column":0},"end":{"line":771,"column":3}},"771":{"start":{"line":772,"column":0},"end":{"line":772,"column":3}},"772":{"start":{"line":773,"column":0},"end":{"line":773,"column":0}},"773":{"start":{"line":774,"column":0},"end":{"line":774,"column":52}},"774":{"start":{"line":775,"column":0},"end":{"line":775,"column":59}},"775":{"start":{"line":776,"column":0},"end":{"line":776,"column":28}},"776":{"start":{"line":777,"column":0},"end":{"line":777,"column":34}},"777":{"start":{"line":778,"column":0},"end":{"line":778,"column":7}},"778":{"start":{"line":779,"column":0},"end":{"line":779,"column":43}},"779":{"start":{"line":780,"column":0},"end":{"line":780,"column":51}},"780":{"start":{"line":781,"column":0},"end":{"line":781,"column":23}},"781":{"start":{"line":782,"column":0},"end":{"line":782,"column":38}},"782":{"start":{"line":783,"column":0},"end":{"line":783,"column":19}},"783":{"start":{"line":784,"column":0},"end":{"line":784,"column":16}},"784":{"start":{"line":785,"column":0},"end":{"line":785,"column":73}},"785":{"start":{"line":786,"column":0},"end":{"line":786,"column":39}},"786":{"start":{"line":787,"column":0},"end":{"line":787,"column":27}},"787":{"start":{"line":788,"column":0},"end":{"line":788,"column":103}},"788":{"start":{"line":789,"column":0},"end":{"line":789,"column":107}},"789":{"start":{"line":790,"column":0},"end":{"line":790,"column":48}},"790":{"start":{"line":791,"column":0},"end":{"line":791,"column":47}},"791":{"start":{"line":792,"column":0},"end":{"line":792,"column":84}},"792":{"start":{"line":793,"column":0},"end":{"line":793,"column":5}},"793":{"start":{"line":794,"column":0},"end":{"line":794,"column":58}},"794":{"start":{"line":795,"column":0},"end":{"line":795,"column":32}},"795":{"start":{"line":796,"column":0},"end":{"line":796,"column":17}},"796":{"start":{"line":797,"column":0},"end":{"line":797,"column":67}},"797":{"start":{"line":798,"column":0},"end":{"line":798,"column":3}},"798":{"start":{"line":799,"column":0},"end":{"line":799,"column":3}},"799":{"start":{"line":800,"column":0},"end":{"line":800,"column":0}},"800":{"start":{"line":801,"column":0},"end":{"line":801,"column":37}},"801":{"start":{"line":802,"column":0},"end":{"line":802,"column":60}},"802":{"start":{"line":803,"column":0},"end":{"line":803,"column":28}},"803":{"start":{"line":804,"column":0},"end":{"line":804,"column":49}},"804":{"start":{"line":805,"column":0},"end":{"line":805,"column":7}},"805":{"start":{"line":806,"column":0},"end":{"line":806,"column":43}},"806":{"start":{"line":807,"column":0},"end":{"line":807,"column":51}},"807":{"start":{"line":808,"column":0},"end":{"line":808,"column":23}},"808":{"start":{"line":809,"column":0},"end":{"line":809,"column":38}},"809":{"start":{"line":810,"column":0},"end":{"line":810,"column":19}},"810":{"start":{"line":811,"column":0},"end":{"line":811,"column":16}},"811":{"start":{"line":812,"column":0},"end":{"line":812,"column":73}},"812":{"start":{"line":813,"column":0},"end":{"line":813,"column":39}},"813":{"start":{"line":814,"column":0},"end":{"line":814,"column":27}},"814":{"start":{"line":815,"column":0},"end":{"line":815,"column":103}},"815":{"start":{"line":816,"column":0},"end":{"line":816,"column":107}},"816":{"start":{"line":817,"column":0},"end":{"line":817,"column":49}},"817":{"start":{"line":818,"column":0},"end":{"line":818,"column":92}},"818":{"start":{"line":819,"column":0},"end":{"line":819,"column":95}},"819":{"start":{"line":820,"column":0},"end":{"line":820,"column":67}},"820":{"start":{"line":821,"column":0},"end":{"line":821,"column":60}},"821":{"start":{"line":822,"column":0},"end":{"line":822,"column":30}},"822":{"start":{"line":823,"column":0},"end":{"line":823,"column":19}},"823":{"start":{"line":824,"column":0},"end":{"line":824,"column":36}},"824":{"start":{"line":825,"column":0},"end":{"line":825,"column":38}},"825":{"start":{"line":826,"column":0},"end":{"line":826,"column":37}},"826":{"start":{"line":827,"column":0},"end":{"line":827,"column":41}},"827":{"start":{"line":828,"column":0},"end":{"line":828,"column":35}},"828":{"start":{"line":829,"column":0},"end":{"line":829,"column":36}},"829":{"start":{"line":830,"column":0},"end":{"line":830,"column":71}},"830":{"start":{"line":831,"column":0},"end":{"line":831,"column":5}},"831":{"start":{"line":832,"column":0},"end":{"line":832,"column":43}},"832":{"start":{"line":833,"column":0},"end":{"line":833,"column":121}},"833":{"start":{"line":834,"column":0},"end":{"line":834,"column":32}},"834":{"start":{"line":835,"column":0},"end":{"line":835,"column":17}},"835":{"start":{"line":836,"column":0},"end":{"line":836,"column":68}},"836":{"start":{"line":837,"column":0},"end":{"line":837,"column":3}},"837":{"start":{"line":838,"column":0},"end":{"line":838,"column":3}},"838":{"start":{"line":839,"column":0},"end":{"line":839,"column":0}},"839":{"start":{"line":840,"column":0},"end":{"line":840,"column":68}},"840":{"start":{"line":841,"column":0},"end":{"line":841,"column":55}},"841":{"start":{"line":842,"column":0},"end":{"line":842,"column":28}},"842":{"start":{"line":843,"column":0},"end":{"line":843,"column":37}},"843":{"start":{"line":844,"column":0},"end":{"line":844,"column":7}},"844":{"start":{"line":845,"column":0},"end":{"line":845,"column":43}},"845":{"start":{"line":846,"column":0},"end":{"line":846,"column":51}},"846":{"start":{"line":847,"column":0},"end":{"line":847,"column":23}},"847":{"start":{"line":848,"column":0},"end":{"line":848,"column":38}},"848":{"start":{"line":849,"column":0},"end":{"line":849,"column":19}},"849":{"start":{"line":850,"column":0},"end":{"line":850,"column":16}},"850":{"start":{"line":851,"column":0},"end":{"line":851,"column":73}},"851":{"start":{"line":852,"column":0},"end":{"line":852,"column":39}},"852":{"start":{"line":853,"column":0},"end":{"line":853,"column":27}},"853":{"start":{"line":854,"column":0},"end":{"line":854,"column":103}},"854":{"start":{"line":855,"column":0},"end":{"line":855,"column":107}},"855":{"start":{"line":856,"column":0},"end":{"line":856,"column":33}},"856":{"start":{"line":857,"column":0},"end":{"line":857,"column":73}},"857":{"start":{"line":858,"column":0},"end":{"line":858,"column":49}},"858":{"start":{"line":859,"column":0},"end":{"line":859,"column":49}},"859":{"start":{"line":860,"column":0},"end":{"line":860,"column":53}},"860":{"start":{"line":861,"column":0},"end":{"line":861,"column":23}},"861":{"start":{"line":862,"column":0},"end":{"line":862,"column":33}},"862":{"start":{"line":863,"column":0},"end":{"line":863,"column":35}},"863":{"start":{"line":864,"column":0},"end":{"line":864,"column":30}},"864":{"start":{"line":865,"column":0},"end":{"line":865,"column":22}},"865":{"start":{"line":866,"column":0},"end":{"line":866,"column":9}},"866":{"start":{"line":867,"column":0},"end":{"line":867,"column":5}},"867":{"start":{"line":868,"column":0},"end":{"line":868,"column":24}},"868":{"start":{"line":869,"column":0},"end":{"line":869,"column":59}},"869":{"start":{"line":870,"column":0},"end":{"line":870,"column":87}},"870":{"start":{"line":871,"column":0},"end":{"line":871,"column":32}},"871":{"start":{"line":872,"column":0},"end":{"line":872,"column":17}},"872":{"start":{"line":873,"column":0},"end":{"line":873,"column":63}},"873":{"start":{"line":874,"column":0},"end":{"line":874,"column":3}},"874":{"start":{"line":875,"column":0},"end":{"line":875,"column":3}},"875":{"start":{"line":876,"column":0},"end":{"line":876,"column":0}},"876":{"start":{"line":877,"column":0},"end":{"line":877,"column":22}}},"s":{"0":1,"1":1,"2":1,"3":1,"4":1,"5":1,"6":1,"7":1,"8":1,"9":1,"10":1,"11":1,"12":1,"13":1,"14":1,"15":1,"16":1,"17":1,"18":1,"19":1,"20":1,"21":1,"22":1,"23":2,"24":2,"25":2,"26":1,"27":1,"28":1,"29":1,"30":1,"31":1,"32":1,"33":1,"34":1,"35":1,"36":1,"37":1,"38":1,"39":1,"40":0,"41":0,"42":0,"43":0,"44":0,"45":1,"46":0,"47":0,"48":1,"49":0,"50":0,"51":1,"52":0,"53":0,"54":1,"55":0,"56":1,"57":0,"58":0,"59":0,"60":1,"61":0,"62":0,"63":0,"64":0,"65":0,"66":0,"67":0,"68":0,"69":0,"70":0,"71":0,"72":0,"73":0,"74":0,"75":0,"76":0,"77":0,"78":0,"79":0,"80":0,"81":0,"82":0,"83":0,"84":0,"85":0,"86":0,"87":0,"88":0,"89":0,"90":0,"91":0,"92":0,"93":0,"94":0,"95":0,"96":0,"97":0,"98":0,"99":0,"100":0,"101":0,"102":0,"103":0,"104":0,"105":0,"106":0,"107":0,"108":0,"109":0,"110":0,"111":0,"112":0,"113":0,"114":0,"115":0,"116":0,"117":0,"118":0,"119":0,"120":0,"121":0,"122":0,"123":0,"124":0,"125":0,"126":0,"127":0,"128":0,"129":0,"130":0,"131":0,"132":0,"133":0,"134":0,"135":0,"136":0,"137":0,"138":0,"139":0,"140":0,"141":0,"142":0,"143":0,"144":0,"145":0,"146":0,"147":0,"148":0,"149":0,"150":0,"151":0,"152":0,"153":0,"154":0,"155":0,"156":0,"157":0,"158":0,"159":0,"160":0,"161":0,"162":0,"163":0,"164":0,"165":0,"166":0,"167":0,"168":0,"169":0,"170":0,"171":0,"172":0,"173":0,"174":0,"175":0,"176":0,"177":0,"178":0,"179":0,"180":0,"181":0,"182":0,"183":0,"184":0,"185":0,"186":0,"187":0,"188":0,"189":0,"190":0,"191":0,"192":0,"193":0,"194":0,"195":0,"196":0,"197":0,"198":0,"199":0,"200":0,"201":0,"202":0,"203":0,"204":0,"205":0,"206":0,"207":0,"208":0,"209":0,"210":0,"211":0,"212":0,"213":0,"214":0,"215":0,"216":0,"217":0,"218":0,"219":0,"220":0,"221":0,"222":0,"223":0,"224":0,"225":0,"226":0,"227":0,"228":0,"229":0,"230":0,"231":0,"232":0,"233":0,"234":0,"235":0,"236":0,"237":0,"238":0,"239":0,"240":0,"241":0,"242":0,"243":0,"244":0,"245":0,"246":0,"247":0,"248":0,"249":0,"250":0,"251":0,"252":0,"253":0,"254":0,"255":0,"256":0,"257":2,"258":2,"259":2,"260":2,"261":2,"262":2,"263":2,"264":0,"265":0,"266":0,"267":0,"268":0,"269":2,"270":2,"271":2,"272":2,"273":0,"274":0,"275":0,"276":1,"277":1,"278":1,"279":1,"280":0,"281":0,"282":0,"283":0,"284":0,"285":0,"286":0,"287":0,"288":0,"289":0,"290":0,"291":0,"292":0,"293":0,"294":0,"295":0,"296":0,"297":0,"298":0,"299":0,"300":0,"301":0,"302":0,"303":0,"304":1,"305":1,"306":1,"307":1,"308":0,"309":0,"310":0,"311":0,"312":0,"313":0,"314":0,"315":0,"316":0,"317":0,"318":0,"319":0,"320":0,"321":0,"322":0,"323":0,"324":0,"325":0,"326":0,"327":0,"328":0,"329":0,"330":0,"331":0,"332":0,"333":0,"334":0,"335":0,"336":1,"337":1,"338":1,"339":1,"340":0,"341":0,"342":0,"343":0,"344":0,"345":0,"346":0,"347":0,"348":0,"349":0,"350":0,"351":0,"352":0,"353":0,"354":0,"355":0,"356":0,"357":0,"358":0,"359":0,"360":0,"361":0,"362":0,"363":0,"364":0,"365":0,"366":0,"367":0,"368":0,"369":0,"370":0,"371":0,"372":0,"373":0,"374":0,"375":0,"376":0,"377":0,"378":0,"379":0,"380":0,"381":0,"382":0,"383":0,"384":0,"385":0,"386":0,"387":0,"388":0,"389":0,"390":0,"391":0,"392":0,"393":0,"394":0,"395":0,"396":0,"397":0,"398":0,"399":0,"400":0,"401":0,"402":0,"403":0,"404":0,"405":0,"406":0,"407":0,"408":0,"409":0,"410":0,"411":0,"412":0,"413":0,"414":0,"415":0,"416":0,"417":0,"418":0,"419":0,"420":0,"421":0,"422":0,"423":0,"424":0,"425":0,"426":1,"427":1,"428":1,"429":1,"430":0,"431":0,"432":0,"433":0,"434":0,"435":0,"436":0,"437":0,"438":0,"439":0,"440":0,"441":0,"442":0,"443":0,"444":0,"445":0,"446":0,"447":0,"448":0,"449":0,"450":0,"451":0,"452":0,"453":0,"454":0,"455":0,"456":0,"457":0,"458":0,"459":0,"460":0,"461":0,"462":0,"463":0,"464":0,"465":0,"466":0,"467":0,"468":0,"469":0,"470":0,"471":0,"472":0,"473":0,"474":1,"475":1,"476":1,"477":1,"478":0,"479":0,"480":0,"481":0,"482":0,"483":0,"484":0,"485":0,"486":0,"487":0,"488":0,"489":0,"490":0,"491":0,"492":0,"493":0,"494":0,"495":0,"496":0,"497":0,"498":0,"499":0,"500":0,"501":0,"502":0,"503":0,"504":0,"505":0,"506":0,"507":0,"508":0,"509":0,"510":0,"511":0,"512":0,"513":0,"514":0,"515":0,"516":0,"517":0,"518":0,"519":0,"520":0,"521":0,"522":0,"523":1,"524":1,"525":1,"526":1,"527":0,"528":0,"529":0,"530":0,"531":0,"532":0,"533":0,"534":0,"535":0,"536":0,"537":0,"538":0,"539":0,"540":0,"541":0,"542":0,"543":0,"544":0,"545":0,"546":0,"547":0,"548":0,"549":0,"550":0,"551":0,"552":0,"553":0,"554":0,"555":0,"556":0,"557":0,"558":0,"559":0,"560":0,"561":0,"562":0,"563":0,"564":0,"565":0,"566":0,"567":0,"568":0,"569":0,"570":0,"571":0,"572":0,"573":0,"574":0,"575":0,"576":0,"577":0,"578":0,"579":0,"580":0,"581":0,"582":0,"583":0,"584":0,"585":0,"586":0,"587":0,"588":0,"589":0,"590":0,"591":0,"592":0,"593":0,"594":0,"595":0,"596":0,"597":0,"598":0,"599":0,"600":0,"601":0,"602":0,"603":0,"604":0,"605":0,"606":0,"607":0,"608":0,"609":0,"610":0,"611":0,"612":0,"613":0,"614":0,"615":0,"616":0,"617":0,"618":0,"619":0,"620":0,"621":0,"622":0,"623":0,"624":0,"625":0,"626":0,"627":0,"628":0,"629":0,"630":0,"631":0,"632":0,"633":0,"634":0,"635":0,"636":0,"637":0,"638":0,"639":0,"640":0,"641":0,"642":0,"643":0,"644":0,"645":0,"646":0,"647":0,"648":0,"649":0,"650":0,"651":0,"652":0,"653":0,"654":0,"655":0,"656":0,"657":0,"658":0,"659":0,"660":0,"661":0,"662":0,"663":0,"664":0,"665":0,"666":0,"667":0,"668":0,"669":0,"670":0,"671":0,"672":0,"673":0,"674":0,"675":0,"676":0,"677":0,"678":0,"679":0,"680":0,"681":0,"682":0,"683":0,"684":0,"685":0,"686":0,"687":0,"688":0,"689":0,"690":0,"691":0,"692":0,"693":0,"694":0,"695":0,"696":0,"697":1,"698":1,"699":1,"700":1,"701":0,"702":0,"703":0,"704":0,"705":0,"706":0,"707":0,"708":0,"709":0,"710":0,"711":0,"712":0,"713":0,"714":0,"715":0,"716":0,"717":0,"718":0,"719":0,"720":0,"721":0,"722":0,"723":0,"724":0,"725":0,"726":0,"727":0,"728":0,"729":0,"730":0,"731":0,"732":0,"733":0,"734":0,"735":0,"736":0,"737":0,"738":0,"739":0,"740":0,"741":0,"742":0,"743":1,"744":1,"745":1,"746":1,"747":0,"748":0,"749":0,"750":0,"751":0,"752":0,"753":0,"754":0,"755":0,"756":0,"757":0,"758":0,"759":0,"760":0,"761":0,"762":0,"763":0,"764":0,"765":0,"766":0,"767":0,"768":0,"769":0,"770":0,"771":1,"772":1,"773":1,"774":1,"775":0,"776":0,"777":0,"778":0,"779":0,"780":0,"781":0,"782":0,"783":0,"784":0,"785":0,"786":0,"787":0,"788":0,"789":0,"790":0,"791":0,"792":0,"793":0,"794":0,"795":0,"796":0,"797":0,"798":1,"799":1,"800":1,"801":1,"802":0,"803":0,"804":0,"805":0,"806":0,"807":0,"808":0,"809":0,"810":0,"811":0,"812":0,"813":0,"814":0,"815":0,"816":0,"817":0,"818":0,"819":0,"820":0,"821":0,"822":0,"823":0,"824":0,"825":0,"826":0,"827":0,"828":0,"829":0,"830":0,"831":0,"832":0,"833":0,"834":0,"835":0,"836":0,"837":1,"838":1,"839":1,"840":1,"841":0,"842":0,"843":0,"844":0,"845":0,"846":0,"847":0,"848":0,"849":0,"850":0,"851":0,"852":0,"853":0,"854":0,"855":0,"856":0,"857":0,"858":0,"859":0,"860":0,"861":0,"862":0,"863":0,"864":0,"865":0,"866":0,"867":0,"868":0,"869":0,"870":0,"871":0,"872":0,"873":0,"874":1,"875":1,"876":1},"branchMap":{"0":{"type":"branch","line":23,"loc":{"start":{"line":23,"column":17},"end":{"line":277,"column":2}},"locations":[{"start":{"line":23,"column":17},"end":{"line":277,"column":2}}]},"1":{"type":"branch","line":26,"loc":{"start":{"line":26,"column":13},"end":{"line":26,"column":27}},"locations":[{"start":{"line":26,"column":13},"end":{"line":26,"column":27}}]},"2":{"type":"branch","line":26,"loc":{"start":{"line":26,"column":27},"end":{"line":26,"column":42}},"locations":[{"start":{"line":26,"column":27},"end":{"line":26,"column":42}}]},"3":{"type":"branch","line":26,"loc":{"start":{"line":26,"column":42},"end":{"line":26,"column":59}},"locations":[{"start":{"line":26,"column":42},"end":{"line":26,"column":59}}]},"4":{"type":"branch","line":26,"loc":{"start":{"line":26,"column":61},"end":{"line":61,"column":5}},"locations":[{"start":{"line":26,"column":61},"end":{"line":61,"column":5}}]},"5":{"type":"branch","line":38,"loc":{"start":{"line":38,"column":21},"end":{"line":38,"column":32}},"locations":[{"start":{"line":38,"column":21},"end":{"line":38,"column":32}}]},"6":{"type":"branch","line":40,"loc":{"start":{"line":40,"column":6},"end":{"line":45,"column":16}},"locations":[{"start":{"line":40,"column":6},"end":{"line":45,"column":16}}]},"7":{"type":"branch","line":46,"loc":{"start":{"line":46,"column":8},"end":{"line":48,"column":16}},"locations":[{"start":{"line":46,"column":8},"end":{"line":48,"column":16}}]},"8":{"type":"branch","line":49,"loc":{"start":{"line":49,"column":8},"end":{"line":51,"column":16}},"locations":[{"start":{"line":49,"column":8},"end":{"line":51,"column":16}}]},"9":{"type":"branch","line":52,"loc":{"start":{"line":52,"column":8},"end":{"line":54,"column":16}},"locations":[{"start":{"line":52,"column":8},"end":{"line":54,"column":16}}]},"10":{"type":"branch","line":55,"loc":{"start":{"line":55,"column":8},"end":{"line":56,"column":47}},"locations":[{"start":{"line":55,"column":8},"end":{"line":56,"column":47}}]},"11":{"type":"branch","line":57,"loc":{"start":{"line":57,"column":6},"end":{"line":60,"column":7}},"locations":[{"start":{"line":57,"column":6},"end":{"line":60,"column":7}}]},"12":{"type":"branch","line":61,"loc":{"start":{"line":61,"column":4},"end":{"line":258,"column":56}},"locations":[{"start":{"line":61,"column":4},"end":{"line":258,"column":56}}]},"13":{"type":"branch","line":273,"loc":{"start":{"line":273,"column":4},"end":{"line":276,"column":3}},"locations":[{"start":{"line":273,"column":4},"end":{"line":276,"column":3}}]}},"b":{"0":[2],"1":[1],"2":[1],"3":[1],"4":[1],"5":[0],"6":[0],"7":[0],"8":[0],"9":[0],"10":[0],"11":[0],"12":[0],"13":[0]},"fnMap":{},"f":{}}
,"/Users/aashishkumar/Downloads/flight-booking-system (1)/backend/flights.js": {"path":"/Users/aashishkumar/Downloads/flight-booking-system (1)/backend/flights.js","all":false,"statementMap":{"0":{"start":{"line":1,"column":0},"end":{"line":1,"column":30}},"1":{"start":{"line":2,"column":0},"end":{"line":2,"column":43}},"2":{"start":{"line":3,"column":0},"end":{"line":3,"column":0}},"3":{"start":{"line":4,"column":0},"end":{"line":4,"column":32}},"4":{"start":{"line":5,"column":0},"end":{"line":5,"column":0}},"5":{"start":{"line":6,"column":0},"end":{"line":6,"column":17}},"6":{"start":{"line":7,"column":0},"end":{"line":7,"column":43}},"7":{"start":{"line":8,"column":0},"end":{"line":8,"column":59}},"8":{"start":{"line":9,"column":0},"end":{"line":9,"column":50}},"9":{"start":{"line":10,"column":0},"end":{"line":10,"column":74}},"10":{"start":{"line":11,"column":0},"end":{"line":11,"column":3}},"11":{"start":{"line":12,"column":0},"end":{"line":12,"column":7}},"12":{"start":{"line":13,"column":0},"end":{"line":13,"column":42}},"13":{"start":{"line":14,"column":0},"end":{"line":14,"column":22}},"14":{"start":{"line":15,"column":0},"end":{"line":15,"column":17}},"15":{"start":{"line":16,"column":0},"end":{"line":16,"column":28}},"16":{"start":{"line":17,"column":0},"end":{"line":17,"column":29}},"17":{"start":{"line":18,"column":0},"end":{"line":18,"column":66}},"18":{"start":{"line":19,"column":0},"end":{"line":19,"column":75}},"19":{"start":{"line":20,"column":0},"end":{"line":20,"column":8}},"20":{"start":{"line":21,"column":0},"end":{"line":21,"column":40}},"21":{"start":{"line":22,"column":0},"end":{"line":22,"column":50}},"22":{"start":{"line":23,"column":0},"end":{"line":23,"column":43}},"23":{"start":{"line":24,"column":0},"end":{"line":24,"column":108}},"24":{"start":{"line":25,"column":0},"end":{"line":25,"column":32}},"25":{"start":{"line":26,"column":0},"end":{"line":26,"column":31}},"26":{"start":{"line":27,"column":0},"end":{"line":27,"column":27}},"27":{"start":{"line":28,"column":0},"end":{"line":28,"column":19}},"28":{"start":{"line":29,"column":0},"end":{"line":29,"column":17}},"29":{"start":{"line":30,"column":0},"end":{"line":30,"column":64}},"30":{"start":{"line":31,"column":0},"end":{"line":31,"column":3}},"31":{"start":{"line":32,"column":0},"end":{"line":32,"column":3}},"32":{"start":{"line":33,"column":0},"end":{"line":33,"column":0}},"33":{"start":{"line":34,"column":0},"end":{"line":34,"column":19}},"34":{"start":{"line":35,"column":0},"end":{"line":35,"column":40}},"35":{"start":{"line":36,"column":0},"end":{"line":36,"column":28}},"36":{"start":{"line":37,"column":0},"end":{"line":37,"column":7}},"37":{"start":{"line":38,"column":0},"end":{"line":38,"column":42}},"38":{"start":{"line":39,"column":0},"end":{"line":39,"column":22}},"39":{"start":{"line":40,"column":0},"end":{"line":40,"column":17}},"40":{"start":{"line":41,"column":0},"end":{"line":41,"column":28}},"41":{"start":{"line":42,"column":0},"end":{"line":42,"column":29}},"42":{"start":{"line":43,"column":0},"end":{"line":43,"column":66}},"43":{"start":{"line":44,"column":0},"end":{"line":44,"column":75}},"44":{"start":{"line":45,"column":0},"end":{"line":45,"column":8}},"45":{"start":{"line":46,"column":0},"end":{"line":46,"column":19}},"46":{"start":{"line":47,"column":0},"end":{"line":47,"column":16}},"47":{"start":{"line":48,"column":0},"end":{"line":48,"column":27}},"48":{"start":{"line":49,"column":0},"end":{"line":49,"column":19}},"49":{"start":{"line":50,"column":0},"end":{"line":50,"column":17}},"50":{"start":{"line":51,"column":0},"end":{"line":51,"column":62}},"51":{"start":{"line":52,"column":0},"end":{"line":52,"column":3}},"52":{"start":{"line":53,"column":0},"end":{"line":53,"column":3}},"53":{"start":{"line":54,"column":0},"end":{"line":54,"column":0}},"54":{"start":{"line":55,"column":0},"end":{"line":55,"column":52}},"55":{"start":{"line":56,"column":0},"end":{"line":56,"column":56}},"56":{"start":{"line":57,"column":0},"end":{"line":57,"column":28}},"57":{"start":{"line":58,"column":0},"end":{"line":58,"column":35}},"58":{"start":{"line":59,"column":0},"end":{"line":59,"column":80}},"59":{"start":{"line":60,"column":0},"end":{"line":60,"column":7}},"60":{"start":{"line":61,"column":0},"end":{"line":61,"column":39}},"61":{"start":{"line":62,"column":0},"end":{"line":62,"column":63}},"62":{"start":{"line":63,"column":0},"end":{"line":63,"column":22}},"63":{"start":{"line":64,"column":0},"end":{"line":64,"column":41}},"64":{"start":{"line":65,"column":0},"end":{"line":65,"column":19}},"65":{"start":{"line":66,"column":0},"end":{"line":66,"column":16}},"66":{"start":{"line":67,"column":0},"end":{"line":67,"column":83}},"67":{"start":{"line":68,"column":0},"end":{"line":68,"column":37}},"68":{"start":{"line":69,"column":0},"end":{"line":6
[...]
,"/Users/aashishkumar/Downloads/flight-booking-system (1)/backend/logger.js": {"path":"/Users/aashishkumar/Downloads/flight-booking-system (1)/backend/logger.js","all":false,"statementMap":{"0":{"start":{"line":1,"column":0},"end":{"line":1,"column":30}},"1":{"start":{"line":2,"column":0},"end":{"line":2,"column":0}},"2":{"start":{"line":3,"column":0},"end":{"line":3,"column":61}},"3":{"start":{"line":4,"column":0},"end":{"line":4,"column":0}},"4":{"start":{"line":5,"column":0},"end":{"line":5,"column":26}},"5":{"start":{"line":6,"column":0},"end":{"line":6,"column":73}},"6":{"start":{"line":7,"column":0},"end":{"line":7,"column":60}},"7":{"start":{"line":8,"column":0},"end":{"line":8,"column":2}},"8":{"start":{"line":9,"column":0},"end":{"line":9,"column":0}},"9":{"start":{"line":10,"column":0},"end":{"line":10,"column":20}},"10":{"start":{"line":11,"column":0},"end":{"line":11,"column":58}},"11":{"start":{"line":12,"column":0},"end":{"line":12,"column":1}},"12":{"start":{"line":13,"column":0},"end":{"line":13,"column":0}},"13":{"start":{"line":14,"column":0},"end":{"line":14,"column":37}},"14":{"start":{"line":15,"column":0},"end":{"line":15,"column":16}},"15":{"start":{"line":16,"column":0},"end":{"line":16,"column":33}},"16":{"start":{"line":17,"column":0},"end":{"line":17,"column":31}},"17":{"start":{"line":18,"column":0},"end":{"line":18,"column":43}},"18":{"start":{"line":19,"column":0},"end":{"line":19,"column":27}},"19":{"start":{"line":20,"column":0},"end":{"line":20,"column":25}},"20":{"start":{"line":21,"column":0},"end":{"line":21,"column":4}},"21":{"start":{"line":22,"column":0},"end":{"line":22,"column":31}},"22":{"start":{"line":23,"column":0},"end":{"line":23,"column":3}},"23":{"start":{"line":24,"column":0},"end":{"line":24,"column":0}},"24":{"start":{"line":25,"column":0},"end":{"line":25,"column":22}}},"s":{"0":1,"1":1,"2":1,"3":1,"4":1,"5":1,"6":1,"7":1,"8":1,"9":1,"10":0,"11":0,"12":1,"13":1,"14":1,"15":1,"16":1,"17":1,"18":1,"19":1,"20":1,"21":1,"22":1,"23":1,"24":1},"branchMap":{"0":{"type":"branch","line":10,"loc":{"start":{"line":10,"column":19},"end":{"line":12,"column":1}},"locations":[{"start":{"line":10,"column":19},"end":{"line":12,"column":1}}]}},"b":{"0":[0]},"fnMap":{},"f":{}}
,"/Users/aashishkumar/Downloads/flight-booking-system (1)/backend/savedPayments.js": {"path":"/Users/aashishkumar/Downloads/flight-booking-system (1)/backend/savedPayments.js","all":false,"statementMap":{"0":{"start":{"line":1,"column":0},"end":{"line":1,"column":30}},"1":{"start":{"line":2,"column":0},"end":{"line":2,"column":43}},"2":{"start":{"line":3,"column":0},"end":{"line":3,"column":0}},"3":{"start":{"line":4,"column":0},"end":{"line":4,"column":32}},"4":{"start":{"line":5,"column":0},"end":{"line":5,"column":0}},"5":{"start":{"line":6,"column":0},"end":{"line":6,"column":31}},"6":{"start":{"line":7,"column":0},"end":{"line":7,"column":38}},"7":{"start":{"line":8,"column":0},"end":{"line":8,"column":67}},"8":{"start":{"line":9,"column":0},"end":{"line":9,"column":62}},"9":{"start":{"line":10,"column":0},"end":{"line":10,"column":70}},"10":{"start":{"line":11,"column":0},"end":{"line":11,"column":3}},"11":{"start":{"line":12,"column":0},"end":{"line":12,"column":7}},"12":{"start":{"line":13,"column":0},"end":{"line":13,"column":42}},"13":{"start":{"line":14,"column":0},"end":{"line":14,"column":29}},"14":{"start":{"line":15,"column":0},"end":{"line":15,"column":15}},"15":{"start":{"line":16,"column":0},"end":{"line":16,"column":55}},"16":{"start":{"line":17,"column":0},"end":{"line":17,"column":9}},"17":{"start":{"line":18,"column":0},"end":{"line":18,"column":27}},"18":{"start":{"line":19,"column":0},"end":{"line":19,"column":32}},"19":{"start":{"line":20,"column":0},"end":{"line":20,"column":17}},"20":{"start":{"line":21,"column":0},"end":{"line":21,"column":69}},"21":{"start":{"line":22,"column":0},"end":{"line":22,"column":3}},"22":{"start":{"line":23,"column":0},"end":{"line":23,"column":3}},"23":{"start":{"line":24,"column":0},"end":{"line":24,"column":0}},"24":{"start":{"line":25,"column":0},"end":{"line":25,"column":43}},"25":{"start":{"line":26,"column":0},"end":{"line":26,"column":37}},"26":{"start":{"line":27,"column":0},"end":{"line":27,"column":32}},"27":{"start":{"line":28,"column":0},"end":{"line":28,"column":17}},"28":{"start":{"line":29,"column":0},"end":{"line":29,"column":62}},"29":{"start":{"line":30,"column":0},"end":{"line":30,"column":3}},"30":{"start":{"line":31,"column":0},"end":{"line":31,"column":7}},"31":{"start":{"line":32,"column":0},"end":{"line":32,"column":42}},"32":{"start":{"line":33,"column":0},"end":{"line":33,"column":29}},"33":{"start":{"line":34,"column":0},"end":{"line":34,"column":18}},"34":{"start":{"line":35,"column":0},"end":{"line":35,"column":29}},"35":{"start":{"line":36,"column":0},"end":{"line":36,"column":49}},"36":{"start":{"line":37,"column":0},"end":{"line":37,"column":27}},"37":{"start":{"line":38,"column":0},"end":{"line":38,"column":19}},"38":{"start":{"line":39,"column":0},"end":{"line":39,"column":17}},"39":{"start":{"line":40,"column":0},"end":{"line":40,"column":70}},"40":{"start":{"line":41,"column":0},"end":{"line":41,"column":3}},"41":{"start":{"line":42,"column":0},"end":{"line":42,"column":3}},"42":{"start":{"line":43,"column":0},"end":{"line":43,"column":0}},"43":{"start":{"line":44,"column":0},"end":{"line":44,"column":50}},"44":{"start":{"line":45,"column":0},"end":{"line":45,"column":40}},"45":{"start":{"line":46,"column":0},"end":{"line":46,"column":35}},"46":{"start":{"line":47,"column":0},"end":{"line":47,"column":24}},"47":{"start":{"line":48,"column":0},"end":{"line":48,"column":68}},"48":{"start":{"line":49,"column":0},"end":{"line":49,"column":3}},"49":{"start":{"line":50,"column":0},"end":{"line":50,"column":7}},"50":{"start":{"line":51,"column":0},"end":{"line":51,"column":36}},"51":{"start":{"line":52,"column":0},"end":{"line":52,"column":29}},"52":{"start":{"line":53,"column":0},"end":{"line":53,"column":15}},"53":{"start":{"line":54,"column":0},"end":{"line":54,"column":19}},"54":{"start":{"line":55,"column":0},"end":{"line":55,"column":30}},"55":{"start":{"line":56,"column":0},"end":{"line":56,"column":27}},"56":{"start":{"line":57,"column":0},"end":{"line":57,"column":32}},"57":{"start":{"line":58,"column":0},"end":{"line":58,"column":17}},"58":{"start":{"line":59,"column":0},"end":{"line":59,"column":71}},"59":{"start":{"line":60,"column":0},"end":{"line":60,"column":3}},"60":{"start":{"line":61,"column":0},"end":{"line":61,"column":3}},"61":{"start":{"line":62,"column":0},"end":{"line":62,"column":0}},"62":{"start":{"line":63,"column":0},"end":{"line":63,"column":22}}},"s":{"0":1,"1":1,"2":1,"3":1,"4":1,"5":1,"6":1,"7":3,"8":3,"9":1,"10":1,"11":2,"12":2,"13":2,"14":2,"15":2,"16":2,"17":3,"18":1,"19":1,"20":1,"21":1,"22":1,"23":1,"24":1,"25":1,"26":3,"27":3,"28":1,"29":1,"30":2,"31":2,"32":2,"33":2,"34":2,"35":2,"36":3,"37":1,"38":1,"39":1,"40":1,"41":1,"42":1,"43":1,"44":1,"45":3,"46":3,"47":1,"48":1,"49":2,"50":2,"51":2,"52":2,"53":2,"54":2,"55":3,"56":1,"57":1,"58":1,"59":1,"60":1,"61":1,"62":1},"branchMap":{"0":{"type":"branch","line":7,"loc":{"start":{"line":7,"column":17},"end":{"line":23,"column":2}},"locations":[{"start":{"line":7,"column":17},"end":{"line":23,"column":2}}]},"1":{"type":"branch","line":9,"loc":{"start":{"line":9,"column":14},"end":{"line":9,"column":29}},"locations":[{"start":{"line":9,"column":14},"end":{"line":9,"column":29}}]},"2":{"type":"branch","line":9,"loc":{"start":{"line":9,"column":29},"end":{"line":9,"column":45}},"locations":[{"start":{"line":9,"column":29},"end":{"line":9,"column":45}}]},"3":{"type":"branch","line":9,"loc":{"start":{"line":9,"column":45},"end":{"line":9,"column":59}},"locations":[{"start":{"line":9,"column":45},"end":{"line":9,"column":59}}]},"4":{"type":"branch","line":9,"loc":{"start":{"line":9,"column":61},"end":{"line":11,"column":3}},"locations":[{"start":{"line":9,"column":61},"end":{"line":11,"column":3}}]},"5":{"type":"branch","line":11,"loc":{"start":{"line":11,"column":2},"end":{"line":18,"column":15}},"locations":[{"start":{"line":11,"column":2},"end":{"line":18,"column":15}}]},"6":{"type":"branch","line":18,"loc":{"start":{"line":18,"column":15},"end":{"line":22,"column":3}},"locations":[{"start":{"line":18,"column":15},"end":{"line":22,"column":3}}]},"7":{"type":"branch","line":26,"loc":{"start":{"line":26,"column":16},"end":{"line":42,"column":2}},"locations":[{"start":{"line":26,"column":16},"end":{"line":42,"column":2}}]},"8":{"type":"branch","line":28,"loc":{"start":{"line":28,"column":16},"end":{"line":30,"column":3}},"locations":[{"start":{"line":28,"column":16},"end":{"line":30,"column":3}}]},"9":{"type":"branch","line":30,"loc":{"start":{"line":30,"column":2},"end":{"line":37,"column":15}},"locations":[{"start":{"line":30,"column":2},"end":{"line":37,"column":15}}]},"10":{"type":"branch","line":37,"loc":{"start":{"line":37,"column":15},"end":{"line":41,"column":3}},"locations":[{"start":{"line":37,"column":15},"end":{"line":41,"column":3}}]},"11":{"type":"branch","line":45,"loc":{"start":{"line":45,"column":19},"end":{"line":61,"column":2}},"locations":[{"start":{"line":45,"column":19},"end":{"line":61,"column":2}}]},"12":{"type":"branch","line":47,"loc":{"start":{"line":47,"column":9},"end":{"line":47,"column":21}},"locations":[{"start":{"line":47,"column":9},"end":{"line":47,"column":21}}]},"13":{"type":"branch","line":47,"loc":{"start":{"line":47,"column":23},"end":{"line":49,"column":3}},"locations":[{"start":{"line":47,"column":23},"end":{"line":49,"column":3}}]},"14":{"type":"branch","line":49,"loc":{"start":{"line":49,"column":2},"end":{"line":56,"column":15}},"locations":[{"start":{"line":49,"column":2},"end":{"line":56,"column":15}}]},"15":{"type":"branch","line":56,"loc":{"start":{"line":56,"column":15},"end":{"line":60,"column":3}},"locations":[{"start":{"line":56,"column":15},"end":{"line":60,"column":3}}]}},"b":{"0":[3],"1":[2],"2":[2],"3":[2],"4":[1],"5":[2],"6":[1],"7":[3],"8":[1],"9":[2],"10":[1],"11":[3],"12":[2],"13":[1],"14":[2],"15":[1]},"fnMap":{},"f":{}}
,"/Users/aashishkumar/Downloads/flight-booking-system (1)/backend/supabaseClient.js": {"path":"/Users/aashishkumar/Downloads/flight-booking-system (1)/backend/supabaseClient.js","all":false,"statementMap":{"0":{"start":{"line":1,"column":0},"end":{"line":1,"column":53}},"1":{"start":{"line":2,"column":0},"end":{"line":2,"column":28}},"2":{"start":{"line":3,"column":0},"end":{"line":3,"column":16}},"3":{"start":{"line":4,"column":0},"end":{"line":4,"column":0}},"4":{"start":{"line":5,"column":0},"end":{"line":5,"column":30}},"5":{"start":{"line":6,"column":0},"end":{"line":6,"column":27}},"6":{"start":{"line":7,"column":0},"end":{"line":7,"column":34}},"7":{"start":{"line":8,"column":0},"end":{"line":8,"column":2}},"8":{"start":{"line":9,"column":0},"end":{"line":9,"column":0}},"9":{"start":{"line":10,"column":0},"end":{"line":10,"column":24}}},"s":{"0":1,"1":1,"2":1,"3":1,"4":1,"5":1,"6":1,"7":1,"8":1,"9":1},"branchMap":{},"b":{},"fnMap":{},"f":{}}
,"/Users/aashishkumar/Downloads/flight-booking-system (1)/backend/userProfile.js": {"path":"/Users/aashishkumar/Downloads/flight-booking-system (1)/backend/userProfile.js","all":false,"statementMap":{"0":{"start":{"line":1,"column":0},"end":{"line":1,"column":30}},"1":{"start":{"line":2,"column":0},"end":{"line":2,"column":43}},"2":{"start":{"line":3,"column":0},"end":{"line":3,"column":33}},"3":{"start":{"line":4,"column":0},"end":{"line":4,"column":0}},"4":{"start":{"line":5,"column":0},"end":{"line":5,"column":32}},"5":{"start":{"line":6,"column":0},"end":{"line":6,"column":0}},"6":{"start":{"line":7,"column":0},"end":{"line":7,"column":30}},"7":{"start":{"line":8,"column":0},"end":{"line":8,"column":37}},"8":{"start":{"line":9,"column":0},"end":{"line":9,"column":32}},"9":{"start":{"line":10,"column":0},"end":{"line":10,"column":17}},"10":{"start":{"line":11,"column":0},"end":{"line":11,"column":62}},"11":{"start":{"line":12,"column":0},"end":{"line":12,"column":3}},"12":{"start":{"line":13,"column":0},"end":{"line":13,"column":7}},"13":{"start":{"line":14,"column":0},"end":{"line":14,"column":42}},"14":{"start":{"line":15,"column":0},"end":{"line":15,"column":28}},"15":{"start":{"line":16,"column":0},"end":{"line":16,"column":18}},"16":{"start":{"line":17,"column":0},"end":{"line":17,"column":29}},"17":{"start":{"line":18,"column":0},"end":{"line":18,"column":16}},"18":{"start":{"line":19,"column":0},"end":{"line":19,"column":16}},"19":{"start":{"line":20,"column":0},"end":{"line":20,"column":48}},"20":{"start":{"line":21,"column":0},"end":{"line":21,"column":18}},"21":{"start":{"line":22,"column":0},"end":{"line":22,"column":5}},"22":{"start":{"line":23,"column":0},"end":{"line":23,"column":19}},"23":{"start":{"line":24,"column":0},"end":{"line":24,"column":17}},"24":{"start":{"line":25,"column":0},"end":{"line":25,"column":68}},"25":{"start":{"line":26,"column":0},"end":{"line":26,"column":3}},"26":{"start":{"line":27,"column":0},"end":{"line":27,"column":3}},"27":{"start":{"line":28,"column":0},"end":{"line":28,"column":0}},"28":{"start":{"line":29,"column":0},"end":{"line":29,"column":33}},"29":{"start":{"line":30,"column":0},"end":{"line":30,"column":37}},"30":{"start":{"line":31,"column":0},"end":{"line":31,"column":42}},"31":{"start":{"line":32,"column":0},"end":{"line":32,"column":17}},"32":{"start":{"line":33,"column":0},"end":{"line":33,"column":62}},"33":{"start":{"line":34,"column":0},"end":{"line":34,"column":3}},"34":{"start":{"line":35,"column":0},"end":{"line":35,"column":7}},"35":{"start":{"line":36,"column":0},"end":{"line":36,"column":42}},"36":{"start":{"line":37,"column":0},"end":{"line":37,"column":28}},"37":{"start":{"line":38,"column":0},"end":{"line":38,"column":66}},"38":{"start":{"line":39,"column":0},"end":{"line":39,"column":29}},"39":{"start":{"line":40,"column":0},"end":{"line":40,"column":15}},"40":{"start":{"line":41,"column":0},"end":{"line":41,"column":16}},"41":{"start":{"line":42,"column":0},"end":{"line":42,"column":16}},"42":{"start":{"line":43,"column":0},"end":{"line":43,"column":48}},"43":{"start":{"line":44,"column":0},"end":{"line":44,"column":18}},"44":{"start":{"line":45,"column":0},"end":{"line":45,"column":5}},"45":{"start":{"line":46,"column":0},"end":{"line":46,"column":19}},"46":{"start":{"line":47,"column":0},"end":{"line":47,"column":17}},"47":{"start":{"line":48,"column":0},"end":{"line":48,"column":51}},"48":{"start":{"line":49,"column":0},"end":{"line":49,"column":69}},"49":{"start":{"line":50,"column":0},"end":{"line":50,"column":3}},"50":{"start":{"line":51,"column":0},"end":{"line":51,"column":3}},"51":{"start":{"line":52,"column":0},"end":{"line":52,"column":0}},"52":{"start":{"line":53,"column":0},"end":{"line":53,"column":22}},"53":{"start":{"line":54,"column":0},"end":{"line":54,"column":38}},"54":{"start":{"line":55,"column":0},"end":{"line":55,"column":42}},"55":{"start":{"line":56,"column":0},"end":{"line":56,"column":17}},"56":{"start":{"line":57,"column":0},"end":{"line":57,"column":62}},"57":{"start":{"line":58,"column":0},"end":{"line":58,"column":3}},"58":{"start":{"line":59,"column":0},"end":{"line":59,"column":7}},"59":{"start":{"line":60,"column":0},"end":{"line":60,"column":42}},"60":{"start":{"line":61,"column":0},"end":{"line":61,"column":28}},"61":{"start":{"line":62,"column":0},"end":{"line":62,"column":115}},"62":{"start":{"line":63,"column":0},"end":{"line":63,"column":15}},"63":{"start":{"line":64,"column":0},"end":{"line":64,"column":16}},"64":{"start":{"line":65,"column":0},"end":{"line":65,"column":16}},"65":{"start":{"line":66,"column":0},"end":{"line":66,"column":48}},"66":{"start":{"line":67,"column":0},"end":{"line":67,"column":18}},"67":{"start":{"line":68,"column":0},"end":{"line":68,"column":5}},"68":{"start":{"line":69,"column":0},"end":{"line":69,"column":19}},"69":{"start":{"line":70,"column":0},"end":{"line":70,"column":17}},"70":{"start":{"line":71,"column":0},"end":{"line":71,"column":39}},"71":{"start":{"line":72,"column":0},"end":{"line":72,"column":98}},"72":{"start":{"line":73,"column":0},"end":{"line":73,"column":3}},"73":{"start":{"line":74,"column":0},"end":{"line":74,"column":3}},"74":{"start":{"line":75,"column":0},"end":{"line":75,"column":0}},"75":{"start":{"line":76,"column":0},"end":{"line":76,"column":22}}},"s":{"0":1,"1":1,"2":1,"3":1,"4":1,"5":1,"6":1,"7":1,"8":3,"9":3,"10":1,"11":1,"12":2,"13":2,"14":2,"15":2,"16":2,"17":2,"18":3,"19":1,"20":1,"21":1,"22":1,"23":1,"24":1,"25":1,"26":1,"27":1,"28":1,"29":1,"30":3,"31":3,"32":1,"33":1,"34":2,"35":2,"36":2,"37":2,"38":2,"39":2,"40":2,"41":3,"42":1,"43":1,"44":1,"45":1,"46":1,"47":1,"48":1,"49":1,"50":1,"51":1,"52":1,"53":1,"54":3,"55":3,"56":1,"57":1,"58":2,"59":2,"60":2,"61":2,"62":2,"63":2,"64":3,"65":1,"66":1,"67":1,"68":1,"69":1,"70":1,"71":1,"72":1,"73":1,"74":1,"75":1},"branchMap":{"0":{"type":"branch","line":8,"loc":{"start":{"line":8,"column":16},"end":{"line":27,"column":2}},"locations":[{"start":{"line":8,"column":16},"end":{"line":27,"column":2}}]},"1":{"type":"branch","line":10,"loc":{"start":{"line":10,"column":16},"end":{"line":12,"column":3}},"locations":[{"start":{"line":10,"column":16},"end":{"line":12,"column":3}}]},"2":{"type":"branch","line":12,"loc":{"start":{"line":12,"column":2},"end":{"line":19,"column":15}},"locations":[{"start":{"line":12,"column":2},"end":{"line":19,"column":15}}]},"3":{"type":"branch","line":19,"loc":{"start":{"line":19,"column":15},"end":{"line":26,"column":3}},"locations":[{"start":{"line":19,"column":15},"end":{"line":26,"column":3}}]},"4":{"type":"branch","line":30,"loc":{"start":{"line":30,"column":16},"end":{"line":51,"column":2}},"locations":[{"start":{"line":30,"column":16},"end":{"line":51,"column":2}}]},"5":{"type":"branch","line":32,"loc":{"start":{"line":32,"column":16},"end":{"line":34,"column":3}},"locations":[{"start":{"line":32,"column":16},"end":{"line":34,"column":3}}]},"6":{"type":"branch","line":34,"loc":{"start":{"line":34,"column":2},"end":{"line":42,"column":15}},"locations":[{"start":{"line":34,"column":2},"end":{"line":42,"column":15}}]},"7":{"type":"branch","line":42,"loc":{"start":{"line":42,"column":15},"end":{"line":50,"column":3}},"locations":[{"start":{"line":42,"column":15},"end":{"line":50,"column":3}}]},"8":{"type":"branch","line":54,"loc":{"start":{"line":54,"column":17},"end":{"line":74,"column":2}},"locations":[{"start":{"line":54,"column":17},"end":{"line":74,"column":2}}]},"9":{"type":"branch","line":56,"loc":{"start":{"line":56,"column":16},"end":{"line":58,"column":3}},"locations":[{"start":{"line":56,"column":16},"end":{"line":58,"column":3}}]},"10":{"type":"branch","line":58,"loc":{"start":{"line":58,"column":2},"end":{"line":65,"column":15}},"locations":[{"start":{"line":58,"column":2},"end":{"line":65,"column":15}}]},"11":{"type":"branch","line":65,"loc":{"start":{"line":65,"column":15},"end":{"line":73,"column":3}},"locations":[{"start":{"line":65,"column":15},"end":{"line":73,"column":3}}]},"12":{"type":"branch","line":72,"loc":{"start":{"line":72,"column":87},"end":{"line":72,"column":95}},"locations":[{"start":{"line":72,"column":87},"end":{"line":72,"column":95}}]}},"b":{"0":[3],"1":[1],"2":[2],"3":[1],"4":[3],"5":[1],"6":[2],"7":[1],"8":[3],"9":[1],"10":[2],"11":[1],"12":[0]},"fnMap":{},"f":{}}
}
